{"/Users/samuelvaladez/Springboard/capstone-2-project/backend/app.js": {"path":"/Users/samuelvaladez/Springboard/capstone-2-project/backend/app.js","statementMap":{"0":{"start":{"line":5,"column":16},"end":{"line":5,"column":34}},"1":{"start":{"line":6,"column":13},"end":{"line":6,"column":28}},"2":{"start":{"line":8,"column":26},"end":{"line":8,"column":51}},"3":{"start":{"line":10,"column":20},"end":{"line":10,"column":51}},"4":{"start":{"line":11,"column":22},"end":{"line":11,"column":55}},"5":{"start":{"line":13,"column":12},"end":{"line":13,"column":21}},"6":{"start":{"line":15,"column":0},"end":{"line":15,"column":16}},"7":{"start":{"line":16,"column":0},"end":{"line":16,"column":24}},"8":{"start":{"line":18,"column":0},"end":{"line":18,"column":31}},"9":{"start":{"line":19,"column":0},"end":{"line":19,"column":35}},"10":{"start":{"line":25,"column":0},"end":{"line":27,"column":3}},"11":{"start":{"line":26,"column":2},"end":{"line":26,"column":35}},"12":{"start":{"line":30,"column":0},"end":{"line":38,"column":3}},"13":{"start":{"line":31,"column":2},"end":{"line":31,"column":64}},"14":{"start":{"line":31,"column":39},"end":{"line":31,"column":64}},"15":{"start":{"line":32,"column":17},"end":{"line":32,"column":34}},"16":{"start":{"line":33,"column":18},"end":{"line":33,"column":29}},"17":{"start":{"line":35,"column":2},"end":{"line":37,"column":5}},"18":{"start":{"line":40,"column":0},"end":{"line":40,"column":21}}},"fnMap":{"0":{"name":"(anonymous_0)","decl":{"start":{"line":25,"column":8},"end":{"line":25,"column":9}},"loc":{"start":{"line":25,"column":34},"end":{"line":27,"column":1}},"line":25},"1":{"name":"(anonymous_1)","decl":{"start":{"line":30,"column":8},"end":{"line":30,"column":9}},"loc":{"start":{"line":30,"column":39},"end":{"line":38,"column":1}},"line":30}},"branchMap":{"0":{"loc":{"start":{"line":31,"column":2},"end":{"line":31,"column":64}},"type":"if","locations":[{"start":{"line":31,"column":2},"end":{"line":31,"column":64}},{"start":{},"end":{}}],"line":31},"1":{"loc":{"start":{"line":32,"column":17},"end":{"line":32,"column":34}},"type":"binary-expr","locations":[{"start":{"line":32,"column":17},"end":{"line":32,"column":27}},{"start":{"line":32,"column":31},"end":{"line":32,"column":34}}],"line":32}},"s":{"0":2,"1":2,"2":2,"3":2,"4":2,"5":2,"6":2,"7":2,"8":2,"9":2,"10":2,"11":2,"12":2,"13":3,"14":1,"15":3,"16":3,"17":3,"18":2},"f":{"0":2,"1":3},"b":{"0":[1,2],"1":[3,0]},"_coverageSchema":"1a1c01bbd47fc00a2c39e90264f33305004495a9","hash":"f982a46e51eb38c375cd4892a09315405942065b"}
,"/Users/samuelvaladez/Springboard/capstone-2-project/backend/config.js": {"path":"/Users/samuelvaladez/Springboard/capstone-2-project/backend/config.js","statementMap":{"0":{"start":{"line":8,"column":19},"end":{"line":8,"column":57}},"1":{"start":{"line":10,"column":13},"end":{"line":10,"column":38}},"2":{"start":{"line":14,"column":2},"end":{"line":16,"column":49}},"3":{"start":{"line":22,"column":27},"end":{"line":22,"column":67}},"4":{"start":{"line":31,"column":0},"end":{"line":36,"column":2}}},"fnMap":{"0":{"name":"getDatabaseUri","decl":{"start":{"line":13,"column":9},"end":{"line":13,"column":23}},"loc":{"start":{"line":13,"column":26},"end":{"line":17,"column":1}},"line":13}},"branchMap":{"0":{"loc":{"start":{"line":8,"column":19},"end":{"line":8,"column":57}},"type":"binary-expr","locations":[{"start":{"line":8,"column":19},"end":{"line":8,"column":41}},{"start":{"line":8,"column":45},"end":{"line":8,"column":57}}],"line":8},"1":{"loc":{"start":{"line":10,"column":13},"end":{"line":10,"column":38}},"type":"binary-expr","locations":[{"start":{"line":10,"column":13},"end":{"line":10,"column":30}},{"start":{"line":10,"column":34},"end":{"line":10,"column":38}}],"line":10},"2":{"loc":{"start":{"line":14,"column":9},"end":{"line":16,"column":48}},"type":"cond-expr","locations":[{"start":{"line":15,"column":6},"end":{"line":15,"column":25}},{"start":{"line":16,"column":6},"end":{"line":16,"column":48}}],"line":14},"3":{"loc":{"start":{"line":16,"column":6},"end":{"line":16,"column":48}},"type":"binary-expr","locations":[{"start":{"line":16,"column":6},"end":{"line":16,"column":30}},{"start":{"line":16,"column":34},"end":{"line":16,"column":48}}],"line":16},"4":{"loc":{"start":{"line":22,"column":27},"end":{"line":22,"column":67}},"type":"cond-expr","locations":[{"start":{"line":22,"column":61},"end":{"line":22,"column":62}},{"start":{"line":22,"column":65},"end":{"line":22,"column":67}}],"line":22}},"s":{"0":6,"1":6,"2":8,"3":6,"4":6},"f":{"0":8},"b":{"0":[6,5],"1":[6,5],"2":[6,2],"3":[2,1],"4":[5,1]},"_coverageSchema":"1a1c01bbd47fc00a2c39e90264f33305004495a9","hash":"cc3508e74945b22bf4efbf95f73590d0c10db9ec"}
,"/Users/samuelvaladez/Springboard/capstone-2-project/backend/createPrompt.js": {"path":"/Users/samuelvaladez/Springboard/capstone-2-project/backend/createPrompt.js","statementMap":{"0":{"start":{"line":2,"column":20},"end":{"line":2,"column":22}},"1":{"start":{"line":3,"column":2},"end":{"line":10,"column":43}},"2":{"start":{"line":3,"column":39},"end":{"line":3,"column":76}},"3":{"start":{"line":4,"column":7},"end":{"line":10,"column":43}},"4":{"start":{"line":5,"column":4},"end":{"line":5,"column":43}},"5":{"start":{"line":6,"column":7},"end":{"line":10,"column":43}},"6":{"start":{"line":7,"column":4},"end":{"line":7,"column":42}},"7":{"start":{"line":8,"column":7},"end":{"line":10,"column":43}},"8":{"start":{"line":9,"column":4},"end":{"line":9,"column":45}},"9":{"start":{"line":10,"column":7},"end":{"line":10,"column":43}},"10":{"start":{"line":12,"column":2},"end":{"line":19,"column":45}},"11":{"start":{"line":12,"column":39},"end":{"line":12,"column":78}},"12":{"start":{"line":13,"column":7},"end":{"line":19,"column":45}},"13":{"start":{"line":14,"column":4},"end":{"line":14,"column":45}},"14":{"start":{"line":15,"column":7},"end":{"line":19,"column":45}},"15":{"start":{"line":16,"column":4},"end":{"line":16,"column":44}},"16":{"start":{"line":17,"column":7},"end":{"line":19,"column":45}},"17":{"start":{"line":18,"column":4},"end":{"line":18,"column":47}},"18":{"start":{"line":19,"column":7},"end":{"line":19,"column":45}},"19":{"start":{"line":21,"column":2},"end":{"line":25,"column":39}},"20":{"start":{"line":21,"column":33},"end":{"line":21,"column":71}},"21":{"start":{"line":22,"column":7},"end":{"line":25,"column":39}},"22":{"start":{"line":22,"column":38},"end":{"line":22,"column":71}},"23":{"start":{"line":23,"column":7},"end":{"line":25,"column":39}},"24":{"start":{"line":23,"column":38},"end":{"line":23,"column":77}},"25":{"start":{"line":24,"column":7},"end":{"line":25,"column":39}},"26":{"start":{"line":24,"column":38},"end":{"line":24,"column":76}},"27":{"start":{"line":25,"column":7},"end":{"line":25,"column":39}},"28":{"start":{"line":27,"column":2},"end":{"line":33,"column":51}},"29":{"start":{"line":28,"column":4},"end":{"line":28,"column":49}},"30":{"start":{"line":29,"column":7},"end":{"line":33,"column":51}},"31":{"start":{"line":30,"column":4},"end":{"line":30,"column":49}},"32":{"start":{"line":31,"column":7},"end":{"line":33,"column":51}},"33":{"start":{"line":32,"column":4},"end":{"line":32,"column":50}},"34":{"start":{"line":33,"column":7},"end":{"line":33,"column":51}},"35":{"start":{"line":35,"column":21},"end":{"line":48,"column":3}},"36":{"start":{"line":49,"column":2},"end":{"line":49,"column":47}},"37":{"start":{"line":51,"column":2},"end":{"line":52,"column":40}},"38":{"start":{"line":51,"column":31},"end":{"line":51,"column":64}},"39":{"start":{"line":52,"column":7},"end":{"line":52,"column":40}},"40":{"start":{"line":54,"column":2},"end":{"line":58,"column":41}},"41":{"start":{"line":54,"column":36},"end":{"line":54,"column":71}},"42":{"start":{"line":55,"column":7},"end":{"line":58,"column":41}},"43":{"start":{"line":55,"column":41},"end":{"line":55,"column":78}},"44":{"start":{"line":56,"column":7},"end":{"line":58,"column":41}},"45":{"start":{"line":56,"column":41},"end":{"line":56,"column":77}},"46":{"start":{"line":57,"column":7},"end":{"line":58,"column":41}},"47":{"start":{"line":57,"column":41},"end":{"line":57,"column":80}},"48":{"start":{"line":58,"column":7},"end":{"line":58,"column":41}},"49":{"start":{"line":60,"column":2},"end":{"line":67,"column":42}},"50":{"start":{"line":60,"column":32},"end":{"line":60,"column":63}},"51":{"start":{"line":61,"column":7},"end":{"line":67,"column":42}},"52":{"start":{"line":61,"column":37},"end":{"line":61,"column":62}},"53":{"start":{"line":62,"column":7},"end":{"line":67,"column":42}},"54":{"start":{"line":62,"column":37},"end":{"line":62,"column":68}},"55":{"start":{"line":63,"column":7},"end":{"line":67,"column":42}},"56":{"start":{"line":63,"column":37},"end":{"line":63,"column":66}},"57":{"start":{"line":64,"column":7},"end":{"line":67,"column":42}},"58":{"start":{"line":64,"column":36},"end":{"line":64,"column":70}},"59":{"start":{"line":65,"column":7},"end":{"line":67,"column":42}},"60":{"start":{"line":65,"column":36},"end":{"line":65,"column":61}},"61":{"start":{"line":66,"column":7},"end":{"line":67,"column":42}},"62":{"start":{"line":66,"column":36},"end":{"line":66,"column":66}},"63":{"start":{"line":67,"column":7},"end":{"line":67,"column":42}},"64":{"start":{"line":69,"column":2},"end":{"line":73,"column":38}},"65":{"start":{"line":69,"column":34},"end":{"line":69,"column":67}},"66":{"start":{"line":70,"column":7},"end":{"line":73,"column":38}},"67":{"start":{"line":70,"column":39},"end":{"line":70,"column":67}},"68":{"start":{"line":71,"column":7},"end":{"line":73,"column":38}},"69":{"start":{"line":71,"column":39},"end":{"line":71,"column":73}},"70":{"start":{"line":72,"column":7},"end":{"line":73,"column":38}},"71":{"start":{"line":72,"column":39},"end":{"line":72,"column":65}},"72":{"start":{"line":73,"column":7},"end":{"line":73,"column":38}},"73":{"start":{"line":83,"column":2},"end":{"line":92,"column":2}},"74":{"start":{"line":178,"column":0},"end":{"line":178,"column":30}}},"fnMap":{"0":{"name":"createPrompt","decl":{"start":{"line":1,"column":9},"end":{"line":1,"column":21}},"loc":{"start":{"line":1,"column":28},"end":{"line":114,"column":1}},"line":1}},"branchMap":{"0":{"loc":{"start":{"line":3,"column":2},"end":{"line":10,"column":43}},"type":"if","locations":[{"start":{"line":3,"column":2},"end":{"line":10,"column":43}},{"start":{"line":4,"column":7},"end":{"line":10,"column":43}}],"line":3},"1":{"loc":{"start":{"line":4,"column":7},"end":{"line":10,"column":43}},"type":"if","locations":[{"start":{"line":4,"column":7},"end":{"line":10,"column":43}},{"start":{"line":6,"column":7},"end":{"line":10,"column":43}}],"line":4},"2":{"loc":{"start":{"line":6,"column":7},"end":{"line":10,"column":43}},"type":"if","locations":[{"start":{"line":6,"column":7},"end":{"line":10,"column":43}},{"start":{"line":8,"column":7},"end":{"line":10,"column":43}}],"line":6},"3":{"loc":{"start":{"line":8,"column":7},"end":{"line":10,"column":43}},"type":"if","locations":[{"start":{"line":8,"column":7},"end":{"line":10,"column":43}},{"start":{"line":10,"column":7},"end":{"line":10,"column":43}}],"line":8},"4":{"loc":{"start":{"line":12,"column":2},"end":{"line":19,"column":45}},"type":"if","locations":[{"start":{"line":12,"column":2},"end":{"line":19,"column":45}},{"start":{"line":13,"column":7},"end":{"line":19,"column":45}}],"line":12},"5":{"loc":{"start":{"line":13,"column":7},"end":{"line":19,"column":45}},"type":"if","locations":[{"start":{"line":13,"column":7},"end":{"line":19,"column":45}},{"start":{"line":15,"column":7},"end":{"line":19,"column":45}}],"line":13},"6":{"loc":{"start":{"line":15,"column":7},"end":{"line":19,"column":45}},"type":"if","locations":[{"start":{"line":15,"column":7},"end":{"line":19,"column":45}},{"start":{"line":17,"column":7},"end":{"line":19,"column":45}}],"line":15},"7":{"loc":{"start":{"line":17,"column":7},"end":{"line":19,"column":45}},"type":"if","locations":[{"start":{"line":17,"column":7},"end":{"line":19,"column":45}},{"start":{"line":19,"column":7},"end":{"line":19,"column":45}}],"line":17},"8":{"loc":{"start":{"line":21,"column":2},"end":{"line":25,"column":39}},"type":"if","locations":[{"start":{"line":21,"column":2},"end":{"line":25,"column":39}},{"start":{"line":22,"column":7},"end":{"line":25,"column":39}}],"line":21},"9":{"loc":{"start":{"line":22,"column":7},"end":{"line":25,"column":39}},"type":"if","locations":[{"start":{"line":22,"column":7},"end":{"line":25,"column":39}},{"start":{"line":23,"column":7},"end":{"line":25,"column":39}}],"line":22},"10":{"loc":{"start":{"line":23,"column":7},"end":{"line":25,"column":39}},"type":"if","locations":[{"start":{"line":23,"column":7},"end":{"line":25,"column":39}},{"start":{"line":24,"column":7},"end":{"line":25,"column":39}}],"line":23},"11":{"loc":{"start":{"line":24,"column":7},"end":{"line":25,"column":39}},"type":"if","locations":[{"start":{"line":24,"column":7},"end":{"line":25,"column":39}},{"start":{"line":25,"column":7},"end":{"line":25,"column":39}}],"line":24},"12":{"loc":{"start":{"line":27,"column":2},"end":{"line":33,"column":51}},"type":"if","locations":[{"start":{"line":27,"column":2},"end":{"line":33,"column":51}},{"start":{"line":29,"column":7},"end":{"line":33,"column":51}}],"line":27},"13":{"loc":{"start":{"line":29,"column":7},"end":{"line":33,"column":51}},"type":"if","locations":[{"start":{"line":29,"column":7},"end":{"line":33,"column":51}},{"start":{"line":31,"column":7},"end":{"line":33,"column":51}}],"line":29},"14":{"loc":{"start":{"line":31,"column":7},"end":{"line":33,"column":51}},"type":"if","locations":[{"start":{"line":31,"column":7},"end":{"line":33,"column":51}},{"start":{"line":33,"column":7},"end":{"line":33,"column":51}}],"line":31},"15":{"loc":{"start":{"line":51,"column":2},"end":{"line":52,"column":40}},"type":"if","locations":[{"start":{"line":51,"column":2},"end":{"line":52,"column":40}},{"start":{"line":52,"column":7},"end":{"line":52,"column":40}}],"line":51},"16":{"loc":{"start":{"line":54,"column":2},"end":{"line":58,"column":41}},"type":"if","locations":[{"start":{"line":54,"column":2},"end":{"line":58,"column":41}},{"start":{"line":55,"column":7},"end":{"line":58,"column":41}}],"line":54},"17":{"loc":{"start":{"line":55,"column":7},"end":{"line":58,"column":41}},"type":"if","locations":[{"start":{"line":55,"column":7},"end":{"line":58,"column":41}},{"start":{"line":56,"column":7},"end":{"line":58,"column":41}}],"line":55},"18":{"loc":{"start":{"line":56,"column":7},"end":{"line":58,"column":41}},"type":"if","locations":[{"start":{"line":56,"column":7},"end":{"line":58,"column":41}},{"start":{"line":57,"column":7},"end":{"line":58,"column":41}}],"line":56},"19":{"loc":{"start":{"line":57,"column":7},"end":{"line":58,"column":41}},"type":"if","locations":[{"start":{"line":57,"column":7},"end":{"line":58,"column":41}},{"start":{"line":58,"column":7},"end":{"line":58,"column":41}}],"line":57},"20":{"loc":{"start":{"line":60,"column":2},"end":{"line":67,"column":42}},"type":"if","locations":[{"start":{"line":60,"column":2},"end":{"line":67,"column":42}},{"start":{"line":61,"column":7},"end":{"line":67,"column":42}}],"line":60},"21":{"loc":{"start":{"line":61,"column":7},"end":{"line":67,"column":42}},"type":"if","locations":[{"start":{"line":61,"column":7},"end":{"line":67,"column":42}},{"start":{"line":62,"column":7},"end":{"line":67,"column":42}}],"line":61},"22":{"loc":{"start":{"line":62,"column":7},"end":{"line":67,"column":42}},"type":"if","locations":[{"start":{"line":62,"column":7},"end":{"line":67,"column":42}},{"start":{"line":63,"column":7},"end":{"line":67,"column":42}}],"line":62},"23":{"loc":{"start":{"line":63,"column":7},"end":{"line":67,"column":42}},"type":"if","locations":[{"start":{"line":63,"column":7},"end":{"line":67,"column":42}},{"start":{"line":64,"column":7},"end":{"line":67,"column":42}}],"line":63},"24":{"loc":{"start":{"line":64,"column":7},"end":{"line":67,"column":42}},"type":"if","locations":[{"start":{"line":64,"column":7},"end":{"line":67,"column":42}},{"start":{"line":65,"column":7},"end":{"line":67,"column":42}}],"line":64},"25":{"loc":{"start":{"line":65,"column":7},"end":{"line":67,"column":42}},"type":"if","locations":[{"start":{"line":65,"column":7},"end":{"line":67,"column":42}},{"start":{"line":66,"column":7},"end":{"line":67,"column":42}}],"line":65},"26":{"loc":{"start":{"line":66,"column":7},"end":{"line":67,"column":42}},"type":"if","locations":[{"start":{"line":66,"column":7},"end":{"line":67,"column":42}},{"start":{"line":67,"column":7},"end":{"line":67,"column":42}}],"line":66},"27":{"loc":{"start":{"line":69,"column":2},"end":{"line":73,"column":38}},"type":"if","locations":[{"start":{"line":69,"column":2},"end":{"line":73,"column":38}},{"start":{"line":70,"column":7},"end":{"line":73,"column":38}}],"line":69},"28":{"loc":{"start":{"line":70,"column":7},"end":{"line":73,"column":38}},"type":"if","locations":[{"start":{"line":70,"column":7},"end":{"line":73,"column":38}},{"start":{"line":71,"column":7},"end":{"line":73,"column":38}}],"line":70},"29":{"loc":{"start":{"line":71,"column":7},"end":{"line":73,"column":38}},"type":"if","locations":[{"start":{"line":71,"column":7},"end":{"line":73,"column":38}},{"start":{"line":72,"column":7},"end":{"line":73,"column":38}}],"line":71},"30":{"loc":{"start":{"line":72,"column":7},"end":{"line":73,"column":38}},"type":"if","locations":[{"start":{"line":72,"column":7},"end":{"line":73,"column":38}},{"start":{"line":73,"column":7},"end":{"line":73,"column":38}}],"line":72}},"s":{"0":0,"1":0,"2":0,"3":0,"4":0,"5":0,"6":0,"7":0,"8":0,"9":0,"10":0,"11":0,"12":0,"13":0,"14":0,"15":0,"16":0,"17":0,"18":0,"19":0,"20":0,"21":0,"22":0,"23":0,"24":0,"25":0,"26":0,"27":0,"28":0,"29":0,"30":0,"31":0,"32":0,"33":0,"34":0,"35":0,"36":0,"37":0,"38":0,"39":0,"40":0,"41":0,"42":0,"43":0,"44":0,"45":0,"46":0,"47":0,"48":0,"49":0,"50":0,"51":0,"52":0,"53":0,"54":0,"55":0,"56":0,"57":0,"58":0,"59":0,"60":0,"61":0,"62":0,"63":0,"64":0,"65":0,"66":0,"67":0,"68":0,"69":0,"70":0,"71":0,"72":0,"73":0,"74":2},"f":{"0":0},"b":{"0":[0,0],"1":[0,0],"2":[0,0],"3":[0,0],"4":[0,0],"5":[0,0],"6":[0,0],"7":[0,0],"8":[0,0],"9":[0,0],"10":[0,0],"11":[0,0],"12":[0,0],"13":[0,0],"14":[0,0],"15":[0,0],"16":[0,0],"17":[0,0],"18":[0,0],"19":[0,0],"20":[0,0],"21":[0,0],"22":[0,0],"23":[0,0],"24":[0,0],"25":[0,0],"26":[0,0],"27":[0,0],"28":[0,0],"29":[0,0],"30":[0,0]},"_coverageSchema":"1a1c01bbd47fc00a2c39e90264f33305004495a9","hash":"382c442a0b083e4bf9234d493d1a204df65c90d9"}
,"/Users/samuelvaladez/Springboard/capstone-2-project/backend/db.js": {"path":"/Users/samuelvaladez/Springboard/capstone-2-project/backend/db.js","statementMap":{"0":{"start":{"line":3,"column":19},"end":{"line":3,"column":32}},"1":{"start":{"line":4,"column":27},"end":{"line":4,"column":46}},"2":{"start":{"line":8,"column":0},"end":{"line":19,"column":1}},"3":{"start":{"line":9,"column":2},"end":{"line":14,"column":5}},"4":{"start":{"line":16,"column":2},"end":{"line":18,"column":5}},"5":{"start":{"line":21,"column":0},"end":{"line":21,"column":13}},"6":{"start":{"line":23,"column":0},"end":{"line":23,"column":20}}},"fnMap":{},"branchMap":{"0":{"loc":{"start":{"line":8,"column":0},"end":{"line":19,"column":1}},"type":"if","locations":[{"start":{"line":8,"column":0},"end":{"line":19,"column":1}},{"start":{"line":15,"column":7},"end":{"line":19,"column":1}}],"line":8}},"s":{"0":5,"1":5,"2":5,"3":0,"4":5,"5":5,"6":5},"f":{},"b":{"0":[0,5]},"_coverageSchema":"1a1c01bbd47fc00a2c39e90264f33305004495a9","hash":"7c66673b80eae72b8a1e2489db35bad8e3263a77"}
,"/Users/samuelvaladez/Springboard/capstone-2-project/backend/expressError.js": {"path":"/Users/samuelvaladez/Springboard/capstone-2-project/backend/expressError.js","statementMap":{"0":{"start":{"line":9,"column":4},"end":{"line":9,"column":12}},"1":{"start":{"line":10,"column":4},"end":{"line":10,"column":27}},"2":{"start":{"line":11,"column":4},"end":{"line":11,"column":25}},"3":{"start":{"line":19,"column":4},"end":{"line":19,"column":24}},"4":{"start":{"line":27,"column":4},"end":{"line":27,"column":24}},"5":{"start":{"line":35,"column":4},"end":{"line":35,"column":24}},"6":{"start":{"line":43,"column":4},"end":{"line":43,"column":24}},"7":{"start":{"line":47,"column":0},"end":{"line":53,"column":2}}},"fnMap":{"0":{"name":"(anonymous_0)","decl":{"start":{"line":8,"column":2},"end":{"line":8,"column":3}},"loc":{"start":{"line":8,"column":31},"end":{"line":12,"column":3}},"line":8},"1":{"name":"(anonymous_1)","decl":{"start":{"line":18,"column":2},"end":{"line":18,"column":3}},"loc":{"start":{"line":18,"column":37},"end":{"line":20,"column":3}},"line":18},"2":{"name":"(anonymous_2)","decl":{"start":{"line":26,"column":2},"end":{"line":26,"column":3}},"loc":{"start":{"line":26,"column":40},"end":{"line":28,"column":3}},"line":26},"3":{"name":"(anonymous_3)","decl":{"start":{"line":34,"column":2},"end":{"line":34,"column":3}},"loc":{"start":{"line":34,"column":39},"end":{"line":36,"column":3}},"line":34},"4":{"name":"(anonymous_4)","decl":{"start":{"line":42,"column":2},"end":{"line":42,"column":3}},"loc":{"start":{"line":42,"column":39},"end":{"line":44,"column":3}},"line":42}},"branchMap":{"0":{"loc":{"start":{"line":18,"column":14},"end":{"line":18,"column":35}},"type":"default-arg","locations":[{"start":{"line":18,"column":24},"end":{"line":18,"column":35}}],"line":18},"1":{"loc":{"start":{"line":26,"column":14},"end":{"line":26,"column":38}},"type":"default-arg","locations":[{"start":{"line":26,"column":24},"end":{"line":26,"column":38}}],"line":26},"2":{"loc":{"start":{"line":34,"column":14},"end":{"line":34,"column":37}},"type":"default-arg","locations":[{"start":{"line":34,"column":24},"end":{"line":34,"column":37}}],"line":34},"3":{"loc":{"start":{"line":42,"column":14},"end":{"line":42,"column":37}},"type":"default-arg","locations":[{"start":{"line":42,"column":24},"end":{"line":42,"column":37}}],"line":42}},"s":{"0":5,"1":5,"2":5,"3":4,"4":0,"5":1,"6":0,"7":5},"f":{"0":5,"1":4,"2":0,"3":1,"4":0},"b":{"0":[2],"1":[0],"2":[0],"3":[0]},"_coverageSchema":"1a1c01bbd47fc00a2c39e90264f33305004495a9","hash":"146e63b9cfac649165c056607f47e6547dde487b"}
,"/Users/samuelvaladez/Springboard/capstone-2-project/backend/spotifyApi.js": {"path":"/Users/samuelvaladez/Springboard/capstone-2-project/backend/spotifyApi.js","statementMap":{"0":{"start":{"line":1,"column":14},"end":{"line":1,"column":30}},"1":{"start":{"line":2,"column":21},"end":{"line":2,"column":46}},"2":{"start":{"line":6,"column":4},"end":{"line":6,"column":42}},"3":{"start":{"line":7,"column":26},"end":{"line":7,"column":28}},"4":{"start":{"line":8,"column":17},"end":{"line":8,"column":18}},"5":{"start":{"line":9,"column":20},"end":{"line":9,"column":22}},"6":{"start":{"line":10,"column":4},"end":{"line":24,"column":5}},"7":{"start":{"line":11,"column":18},"end":{"line":19,"column":8}},"8":{"start":{"line":21,"column":6},"end":{"line":21,"column":19}},"9":{"start":{"line":22,"column":6},"end":{"line":22,"column":52}},"10":{"start":{"line":23,"column":6},"end":{"line":23,"column":46}},"11":{"start":{"line":25,"column":4},"end":{"line":25,"column":27}},"12":{"start":{"line":26,"column":4},"end":{"line":26,"column":29}},"13":{"start":{"line":27,"column":4},"end":{"line":27,"column":21}},"14":{"start":{"line":30,"column":16},"end":{"line":34,"column":6}},"15":{"start":{"line":36,"column":4},"end":{"line":36,"column":20}},"16":{"start":{"line":50,"column":22},"end":{"line":50,"column":24}},"17":{"start":{"line":51,"column":17},"end":{"line":51,"column":18}},"18":{"start":{"line":52,"column":17},"end":{"line":52,"column":19}},"19":{"start":{"line":54,"column":6},"end":{"line":56,"column":61}},"20":{"start":{"line":57,"column":4},"end":{"line":73,"column":5}},"21":{"start":{"line":58,"column":18},"end":{"line":67,"column":8}},"22":{"start":{"line":69,"column":6},"end":{"line":69,"column":19}},"23":{"start":{"line":70,"column":6},"end":{"line":70,"column":46}},"24":{"start":{"line":71,"column":6},"end":{"line":71,"column":42}},"25":{"start":{"line":75,"column":14},"end":{"line":75,"column":25}},"26":{"start":{"line":76,"column":4},"end":{"line":83,"column":5}},"27":{"start":{"line":76,"column":17},"end":{"line":76,"column":18}},"28":{"start":{"line":77,"column":6},"end":{"line":82,"column":7}},"29":{"start":{"line":78,"column":8},"end":{"line":78,"column":28}},"30":{"start":{"line":79,"column":8},"end":{"line":79,"column":12}},"31":{"start":{"line":81,"column":8},"end":{"line":81,"column":36}},"32":{"start":{"line":88,"column":21},"end":{"line":88,"column":23}},"33":{"start":{"line":89,"column":27},"end":{"line":89,"column":29}},"34":{"start":{"line":90,"column":4},"end":{"line":93,"column":5}},"35":{"start":{"line":90,"column":17},"end":{"line":90,"column":18}},"36":{"start":{"line":91,"column":6},"end":{"line":91,"column":39}},"37":{"start":{"line":92,"column":6},"end":{"line":92,"column":56}},"38":{"start":{"line":94,"column":4},"end":{"line":105,"column":5}},"39":{"start":{"line":94,"column":17},"end":{"line":94,"column":18}},"40":{"start":{"line":95,"column":6},"end":{"line":104,"column":8}},"41":{"start":{"line":107,"column":21},"end":{"line":107,"column":78}},"42":{"start":{"line":111,"column":4},"end":{"line":111,"column":51}},"43":{"start":{"line":112,"column":4},"end":{"line":112,"column":30}},"44":{"start":{"line":123,"column":31},"end":{"line":123,"column":61}},"45":{"start":{"line":124,"column":17},"end":{"line":124,"column":19}},"46":{"start":{"line":125,"column":4},"end":{"line":136,"column":5}},"47":{"start":{"line":125,"column":17},"end":{"line":125,"column":18}},"48":{"start":{"line":126,"column":26},"end":{"line":126,"column":53}},"49":{"start":{"line":127,"column":18},"end":{"line":134,"column":8}},"50":{"start":{"line":135,"column":6},"end":{"line":135,"column":55}},"51":{"start":{"line":137,"column":34},"end":{"line":137,"column":69}},"52":{"start":{"line":140,"column":4},"end":{"line":140,"column":33}},"53":{"start":{"line":149,"column":17},"end":{"line":149,"column":19}},"54":{"start":{"line":150,"column":4},"end":{"line":162,"column":5}},"55":{"start":{"line":150,"column":17},"end":{"line":150,"column":18}},"56":{"start":{"line":151,"column":23},"end":{"line":151,"column":55}},"57":{"start":{"line":152,"column":18},"end":{"line":159,"column":8}},"58":{"start":{"line":161,"column":6},"end":{"line":161,"column":48}},"59":{"start":{"line":164,"column":4},"end":{"line":164,"column":37}},"60":{"start":{"line":173,"column":16},"end":{"line":173,"column":18}},"61":{"start":{"line":174,"column":4},"end":{"line":176,"column":5}},"62":{"start":{"line":174,"column":17},"end":{"line":174,"column":18}},"63":{"start":{"line":175,"column":6},"end":{"line":175,"column":69}},"64":{"start":{"line":178,"column":4},"end":{"line":178,"column":15}},"65":{"start":{"line":186,"column":4},"end":{"line":188,"column":5}},"66":{"start":{"line":186,"column":17},"end":{"line":186,"column":18}},"67":{"start":{"line":187,"column":6},"end":{"line":187,"column":52}},"68":{"start":{"line":189,"column":4},"end":{"line":189,"column":18}},"69":{"start":{"line":199,"column":22},"end":{"line":199,"column":24}},"70":{"start":{"line":200,"column":4},"end":{"line":206,"column":5}},"71":{"start":{"line":200,"column":17},"end":{"line":200,"column":18}},"72":{"start":{"line":201,"column":6},"end":{"line":201,"column":60}},"73":{"start":{"line":202,"column":6},"end":{"line":202,"column":37}},"74":{"start":{"line":203,"column":6},"end":{"line":203,"column":52}},"75":{"start":{"line":204,"column":6},"end":{"line":204,"column":33}},"76":{"start":{"line":205,"column":6},"end":{"line":205,"column":46}},"77":{"start":{"line":207,"column":4},"end":{"line":211,"column":5}},"78":{"start":{"line":207,"column":17},"end":{"line":207,"column":18}},"79":{"start":{"line":208,"column":21},"end":{"line":208,"column":47}},"80":{"start":{"line":209,"column":6},"end":{"line":209,"column":35}},"81":{"start":{"line":210,"column":6},"end":{"line":210,"column":29}},"82":{"start":{"line":212,"column":4},"end":{"line":212,"column":34}},"83":{"start":{"line":218,"column":4},"end":{"line":239,"column":5}},"84":{"start":{"line":219,"column":18},"end":{"line":232,"column":7}},"85":{"start":{"line":236,"column":6},"end":{"line":236,"column":25}},"86":{"start":{"line":238,"column":6},"end":{"line":238,"column":23}},"87":{"start":{"line":244,"column":17},"end":{"line":244,"column":61}},"88":{"start":{"line":244,"column":37},"end":{"line":244,"column":60}},"89":{"start":{"line":246,"column":4},"end":{"line":264,"column":5}},"90":{"start":{"line":247,"column":18},"end":{"line":259,"column":7}},"91":{"start":{"line":261,"column":6},"end":{"line":261,"column":17}},"92":{"start":{"line":263,"column":6},"end":{"line":263,"column":23}},"93":{"start":{"line":268,"column":0},"end":{"line":268,"column":28}}},"fnMap":{"0":{"name":"(anonymous_0)","decl":{"start":{"line":5,"column":2},"end":{"line":5,"column":3}},"loc":{"start":{"line":5,"column":28},"end":{"line":28,"column":3}},"line":5},"1":{"name":"(anonymous_1)","decl":{"start":{"line":29,"column":2},"end":{"line":29,"column":3}},"loc":{"start":{"line":29,"column":27},"end":{"line":37,"column":3}},"line":29},"2":{"name":"(anonymous_2)","decl":{"start":{"line":49,"column":2},"end":{"line":49,"column":3}},"loc":{"start":{"line":49,"column":28},"end":{"line":113,"column":3}},"line":49},"3":{"name":"(anonymous_3)","decl":{"start":{"line":122,"column":2},"end":{"line":122,"column":3}},"loc":{"start":{"line":122,"column":44},"end":{"line":141,"column":3}},"line":122},"4":{"name":"(anonymous_4)","decl":{"start":{"line":148,"column":2},"end":{"line":148,"column":3}},"loc":{"start":{"line":148,"column":41},"end":{"line":165,"column":3}},"line":148},"5":{"name":"(anonymous_5)","decl":{"start":{"line":172,"column":2},"end":{"line":172,"column":3}},"loc":{"start":{"line":172,"column":35},"end":{"line":179,"column":3}},"line":172},"6":{"name":"(anonymous_6)","decl":{"start":{"line":185,"column":2},"end":{"line":185,"column":3}},"loc":{"start":{"line":185,"column":35},"end":{"line":190,"column":3}},"line":185},"7":{"name":"(anonymous_7)","decl":{"start":{"line":198,"column":2},"end":{"line":198,"column":3}},"loc":{"start":{"line":198,"column":43},"end":{"line":213,"column":3}},"line":198},"8":{"name":"(anonymous_8)","decl":{"start":{"line":215,"column":2},"end":{"line":215,"column":3}},"loc":{"start":{"line":215,"column":59},"end":{"line":240,"column":3}},"line":215},"9":{"name":"(anonymous_9)","decl":{"start":{"line":242,"column":2},"end":{"line":242,"column":3}},"loc":{"start":{"line":242,"column":54},"end":{"line":265,"column":3}},"line":242},"10":{"name":"(anonymous_10)","decl":{"start":{"line":244,"column":27},"end":{"line":244,"column":28}},"loc":{"start":{"line":244,"column":37},"end":{"line":244,"column":60}},"line":244}},"branchMap":{"0":{"loc":{"start":{"line":54,"column":6},"end":{"line":56,"column":61}},"type":"cond-expr","locations":[{"start":{"line":55,"column":10},"end":{"line":55,"column":48}},{"start":{"line":56,"column":10},"end":{"line":56,"column":61}}],"line":54},"1":{"loc":{"start":{"line":77,"column":6},"end":{"line":82,"column":7}},"type":"if","locations":[{"start":{"line":77,"column":6},"end":{"line":82,"column":7}},{"start":{"line":80,"column":13},"end":{"line":82,"column":7}}],"line":77},"2":{"loc":{"start":{"line":122,"column":33},"end":{"line":122,"column":42}},"type":"default-arg","locations":[{"start":{"line":122,"column":38},"end":{"line":122,"column":42}}],"line":122}},"s":{"0":2,"1":2,"2":0,"3":0,"4":0,"5":0,"6":0,"7":0,"8":0,"9":0,"10":0,"11":0,"12":0,"13":0,"14":0,"15":0,"16":0,"17":0,"18":0,"19":0,"20":0,"21":0,"22":0,"23":0,"24":0,"25":0,"26":0,"27":0,"28":0,"29":0,"30":0,"31":0,"32":0,"33":0,"34":0,"35":0,"36":0,"37":0,"38":0,"39":0,"40":0,"41":0,"42":0,"43":0,"44":0,"45":0,"46":0,"47":0,"48":0,"49":0,"50":0,"51":0,"52":0,"53":0,"54":0,"55":0,"56":0,"57":0,"58":0,"59":0,"60":0,"61":0,"62":0,"63":0,"64":0,"65":0,"66":0,"67":0,"68":0,"69":0,"70":0,"71":0,"72":0,"73":0,"74":0,"75":0,"76":0,"77":0,"78":0,"79":0,"80":0,"81":0,"82":0,"83":0,"84":0,"85":0,"86":0,"87":0,"88":0,"89":0,"90":0,"91":0,"92":0,"93":2},"f":{"0":0,"1":0,"2":0,"3":0,"4":0,"5":0,"6":0,"7":0,"8":0,"9":0,"10":0},"b":{"0":[0,0],"1":[0,0],"2":[0]},"_coverageSchema":"1a1c01bbd47fc00a2c39e90264f33305004495a9","hash":"7587f9b629350742b13067c379d40433cc5c3447"}
,"/Users/samuelvaladez/Springboard/capstone-2-project/backend/models/_testCommon.js": {"path":"/Users/samuelvaladez/Springboard/capstone-2-project/backend/models/_testCommon.js","statementMap":{"0":{"start":{"line":1,"column":17},"end":{"line":1,"column":43}},"1":{"start":{"line":2,"column":17},"end":{"line":2,"column":35}},"2":{"start":{"line":3,"column":21},"end":{"line":3,"column":51}},"3":{"start":{"line":4,"column":11},"end":{"line":4,"column":27}},"4":{"start":{"line":6,"column":14},"end":{"line":6,"column":24}},"5":{"start":{"line":7,"column":14},"end":{"line":7,"column":24}},"6":{"start":{"line":8,"column":18},"end":{"line":8,"column":32}},"7":{"start":{"line":11,"column":2},"end":{"line":11,"column":51}},"8":{"start":{"line":12,"column":2},"end":{"line":12,"column":47}},"9":{"start":{"line":13,"column":2},"end":{"line":13,"column":42}},"10":{"start":{"line":14,"column":2},"end":{"line":14,"column":38}},"11":{"start":{"line":15,"column":2},"end":{"line":15,"column":38}},"12":{"start":{"line":17,"column":2},"end":{"line":20,"column":5}},"13":{"start":{"line":22,"column":2},"end":{"line":67,"column":5}},"14":{"start":{"line":69,"column":2},"end":{"line":93,"column":4}},"15":{"start":{"line":95,"column":2},"end":{"line":101,"column":4}},"16":{"start":{"line":103,"column":2},"end":{"line":127,"column":4}},"17":{"start":{"line":131,"column":2},"end":{"line":131,"column":26}},"18":{"start":{"line":135,"column":2},"end":{"line":135,"column":29}},"19":{"start":{"line":139,"column":2},"end":{"line":139,"column":17}},"20":{"start":{"line":142,"column":0},"end":{"line":147,"column":2}}},"fnMap":{"0":{"name":"commonBeforeAll","decl":{"start":{"line":10,"column":15},"end":{"line":10,"column":30}},"loc":{"start":{"line":10,"column":33},"end":{"line":128,"column":1}},"line":10},"1":{"name":"commonBeforeEach","decl":{"start":{"line":130,"column":15},"end":{"line":130,"column":31}},"loc":{"start":{"line":130,"column":34},"end":{"line":132,"column":1}},"line":130},"2":{"name":"commonAfterEach","decl":{"start":{"line":134,"column":15},"end":{"line":134,"column":30}},"loc":{"start":{"line":134,"column":33},"end":{"line":136,"column":1}},"line":134},"3":{"name":"commonAfterAll","decl":{"start":{"line":138,"column":15},"end":{"line":138,"column":29}},"loc":{"start":{"line":138,"column":32},"end":{"line":140,"column":1}},"line":138}},"branchMap":{},"s":{"0":3,"1":3,"2":3,"3":3,"4":3,"5":3,"6":3,"7":3,"8":3,"9":3,"10":3,"11":3,"12":3,"13":3,"14":3,"15":3,"16":3,"17":17,"18":17,"19":3,"20":3},"f":{"0":3,"1":17,"2":17,"3":3},"b":{},"_coverageSchema":"1a1c01bbd47fc00a2c39e90264f33305004495a9","hash":"2afa70df27dfc63269172f2c93e030444f0d37d7"}
,"/Users/samuelvaladez/Springboard/capstone-2-project/backend/models/playlists.js": {"path":"/Users/samuelvaladez/Springboard/capstone-2-project/backend/models/playlists.js","statementMap":{"0":{"start":{"line":1,"column":11},"end":{"line":1,"column":27}},"1":{"start":{"line":5,"column":16},"end":{"line":7,"column":6}},"2":{"start":{"line":8,"column":4},"end":{"line":8,"column":20}},"3":{"start":{"line":12,"column":4},"end":{"line":12,"column":53}},"4":{"start":{"line":13,"column":4},"end":{"line":31,"column":5}},"5":{"start":{"line":14,"column":18},"end":{"line":19,"column":7}},"6":{"start":{"line":21,"column":21},"end":{"line":21,"column":35}},"7":{"start":{"line":23,"column":27},"end":{"line":26,"column":7}},"8":{"start":{"line":27,"column":6},"end":{"line":27,"column":59}},"9":{"start":{"line":28,"column":6},"end":{"line":28,"column":31}},"10":{"start":{"line":30,"column":6},"end":{"line":30,"column":27}},"11":{"start":{"line":34,"column":4},"end":{"line":65,"column":5}},"12":{"start":{"line":35,"column":21},"end":{"line":40,"column":7}},"13":{"start":{"line":41,"column":6},"end":{"line":41,"column":47}},"14":{"start":{"line":42,"column":21},"end":{"line":42,"column":23}},"15":{"start":{"line":43,"column":6},"end":{"line":46,"column":7}},"16":{"start":{"line":43,"column":19},"end":{"line":43,"column":20}},"17":{"start":{"line":44,"column":20},"end":{"line":44,"column":99}},"18":{"start":{"line":45,"column":8},"end":{"line":45,"column":25}},"19":{"start":{"line":48,"column":23},"end":{"line":55,"column":7}},"20":{"start":{"line":49,"column":21},"end":{"line":49,"column":23}},"21":{"start":{"line":50,"column":8},"end":{"line":53,"column":9}},"22":{"start":{"line":50,"column":21},"end":{"line":50,"column":22}},"23":{"start":{"line":51,"column":22},"end":{"line":51,"column":75}},"24":{"start":{"line":52,"column":10},"end":{"line":52,"column":32}},"25":{"start":{"line":54,"column":8},"end":{"line":54,"column":22}},"26":{"start":{"line":56,"column":6},"end":{"line":56,"column":42}},"27":{"start":{"line":57,"column":20},"end":{"line":60,"column":56}},"28":{"start":{"line":61,"column":6},"end":{"line":61,"column":28}},"29":{"start":{"line":62,"column":6},"end":{"line":62,"column":24}},"30":{"start":{"line":64,"column":6},"end":{"line":64,"column":52}},"31":{"start":{"line":69,"column":4},"end":{"line":85,"column":5}},"32":{"start":{"line":70,"column":21},"end":{"line":75,"column":7}},"33":{"start":{"line":76,"column":6},"end":{"line":82,"column":8}},"34":{"start":{"line":84,"column":6},"end":{"line":84,"column":52}},"35":{"start":{"line":89,"column":4},"end":{"line":121,"column":5}},"36":{"start":{"line":90,"column":18},"end":{"line":95,"column":7}},"37":{"start":{"line":96,"column":21},"end":{"line":96,"column":35}},"38":{"start":{"line":97,"column":21},"end":{"line":97,"column":23}},"39":{"start":{"line":98,"column":6},"end":{"line":103,"column":7}},"40":{"start":{"line":98,"column":19},"end":{"line":98,"column":20}},"41":{"start":{"line":99,"column":20},"end":{"line":101,"column":12}},"42":{"start":{"line":102,"column":8},"end":{"line":102,"column":25}},"43":{"start":{"line":104,"column":6},"end":{"line":104,"column":26}},"44":{"start":{"line":106,"column":23},"end":{"line":113,"column":7}},"45":{"start":{"line":107,"column":21},"end":{"line":107,"column":23}},"46":{"start":{"line":108,"column":8},"end":{"line":111,"column":9}},"47":{"start":{"line":108,"column":21},"end":{"line":108,"column":22}},"48":{"start":{"line":109,"column":22},"end":{"line":109,"column":75}},"49":{"start":{"line":110,"column":10},"end":{"line":110,"column":32}},"50":{"start":{"line":112,"column":8},"end":{"line":112,"column":22}},"51":{"start":{"line":114,"column":20},"end":{"line":116,"column":53}},"52":{"start":{"line":117,"column":6},"end":{"line":117,"column":28}},"53":{"start":{"line":118,"column":6},"end":{"line":118,"column":24}},"54":{"start":{"line":120,"column":6},"end":{"line":120,"column":52}},"55":{"start":{"line":125,"column":4},"end":{"line":134,"column":5}},"56":{"start":{"line":126,"column":20},"end":{"line":129,"column":3}},"57":{"start":{"line":130,"column":6},"end":{"line":130,"column":28}},"58":{"start":{"line":131,"column":6},"end":{"line":131,"column":24}},"59":{"start":{"line":133,"column":6},"end":{"line":133,"column":51}},"60":{"start":{"line":138,"column":0},"end":{"line":138,"column":30}}},"fnMap":{"0":{"name":"(anonymous_0)","decl":{"start":{"line":4,"column":2},"end":{"line":4,"column":3}},"loc":{"start":{"line":4,"column":33},"end":{"line":9,"column":3}},"line":4},"1":{"name":"(anonymous_1)","decl":{"start":{"line":11,"column":2},"end":{"line":11,"column":3}},"loc":{"start":{"line":11,"column":35},"end":{"line":32,"column":3}},"line":11},"2":{"name":"(anonymous_2)","decl":{"start":{"line":33,"column":2},"end":{"line":33,"column":3}},"loc":{"start":{"line":33,"column":45},"end":{"line":66,"column":3}},"line":33},"3":{"name":"(anonymous_3)","decl":{"start":{"line":48,"column":23},"end":{"line":48,"column":24}},"loc":{"start":{"line":48,"column":29},"end":{"line":55,"column":7}},"line":48},"4":{"name":"(anonymous_4)","decl":{"start":{"line":68,"column":2},"end":{"line":68,"column":3}},"loc":{"start":{"line":68,"column":38},"end":{"line":86,"column":3}},"line":68},"5":{"name":"(anonymous_5)","decl":{"start":{"line":88,"column":2},"end":{"line":88,"column":3}},"loc":{"start":{"line":88,"column":48},"end":{"line":122,"column":3}},"line":88},"6":{"name":"(anonymous_6)","decl":{"start":{"line":106,"column":23},"end":{"line":106,"column":24}},"loc":{"start":{"line":106,"column":29},"end":{"line":113,"column":7}},"line":106},"7":{"name":"(anonymous_7)","decl":{"start":{"line":124,"column":2},"end":{"line":124,"column":3}},"loc":{"start":{"line":124,"column":32},"end":{"line":135,"column":3}},"line":124}},"branchMap":{"0":{"loc":{"start":{"line":51,"column":22},"end":{"line":51,"column":75}},"type":"cond-expr","locations":[{"start":{"line":51,"column":48},"end":{"line":51,"column":57}},{"start":{"line":51,"column":60},"end":{"line":51,"column":75}}],"line":51},"1":{"loc":{"start":{"line":100,"column":10},"end":{"line":100,"column":71}},"type":"cond-expr","locations":[{"start":{"line":100,"column":42},"end":{"line":100,"column":48}},{"start":{"line":100,"column":51},"end":{"line":100,"column":71}}],"line":100},"2":{"loc":{"start":{"line":109,"column":22},"end":{"line":109,"column":75}},"type":"cond-expr","locations":[{"start":{"line":109,"column":48},"end":{"line":109,"column":57}},{"start":{"line":109,"column":60},"end":{"line":109,"column":75}}],"line":109}},"s":{"0":5,"1":2,"2":2,"3":2,"4":2,"5":2,"6":2,"7":2,"8":2,"9":2,"10":0,"11":7,"12":7,"13":7,"14":7,"15":7,"16":7,"17":14,"18":14,"19":7,"20":14,"21":14,"22":14,"23":28,"24":28,"25":14,"26":7,"27":7,"28":7,"29":7,"30":0,"31":3,"32":3,"33":3,"34":0,"35":5,"36":5,"37":5,"38":5,"39":5,"40":5,"41":10,"42":10,"43":5,"44":5,"45":5,"46":5,"47":5,"48":10,"49":10,"50":5,"51":5,"52":5,"53":5,"54":0,"55":1,"56":1,"57":1,"58":1,"59":0,"60":5},"f":{"0":2,"1":2,"2":7,"3":14,"4":3,"5":5,"6":5,"7":1},"b":{"0":[14,14],"1":[0,10],"2":[5,5]},"_coverageSchema":"1a1c01bbd47fc00a2c39e90264f33305004495a9","hash":"352fc3061b94e2eb8a0882f76e3fdf76aa734ec7"}
,"/Users/samuelvaladez/Springboard/capstone-2-project/backend/models/songs.js": {"path":"/Users/samuelvaladez/Springboard/capstone-2-project/backend/models/songs.js","statementMap":{"0":{"start":{"line":1,"column":19},"end":{"line":1,"column":32}},"1":{"start":{"line":2,"column":0},"end":{"line":2,"column":27}},"2":{"start":{"line":3,"column":43},"end":{"line":3,"column":69}},"3":{"start":{"line":5,"column":18},"end":{"line":5,"column":44}},"4":{"start":{"line":7,"column":11},"end":{"line":7,"column":27}},"5":{"start":{"line":9,"column":19},"end":{"line":9,"column":36}},"6":{"start":{"line":11,"column":15},"end":{"line":13,"column":2}},"7":{"start":{"line":16,"column":20},"end":{"line":19,"column":4}},"8":{"start":{"line":21,"column":2},"end":{"line":21,"column":24}},"9":{"start":{"line":26,"column":16},"end":{"line":31,"column":5}},"10":{"start":{"line":34,"column":19},"end":{"line":34,"column":33}},"11":{"start":{"line":37,"column":4},"end":{"line":37,"column":18}},"12":{"start":{"line":41,"column":4},"end":{"line":67,"column":5}},"13":{"start":{"line":42,"column":21},"end":{"line":42,"column":51}},"14":{"start":{"line":44,"column":6},"end":{"line":45,"column":70}},"15":{"start":{"line":45,"column":8},"end":{"line":45,"column":70}},"16":{"start":{"line":47,"column":24},"end":{"line":47,"column":41}},"17":{"start":{"line":50,"column":30},"end":{"line":50,"column":68}},"18":{"start":{"line":52,"column":20},"end":{"line":62,"column":7}},"19":{"start":{"line":64,"column":6},"end":{"line":64,"column":24}},"20":{"start":{"line":66,"column":6},"end":{"line":66,"column":53}},"21":{"start":{"line":71,"column":4},"end":{"line":93,"column":5}},"22":{"start":{"line":73,"column":24},"end":{"line":73,"column":41}},"23":{"start":{"line":76,"column":30},"end":{"line":76,"column":68}},"24":{"start":{"line":78,"column":20},"end":{"line":88,"column":7}},"25":{"start":{"line":90,"column":6},"end":{"line":90,"column":24}},"26":{"start":{"line":92,"column":6},"end":{"line":92,"column":53}},"27":{"start":{"line":97,"column":19},"end":{"line":97,"column":21}},"28":{"start":{"line":98,"column":23},"end":{"line":98,"column":42}},"29":{"start":{"line":100,"column":4},"end":{"line":114,"column":5}},"30":{"start":{"line":100,"column":17},"end":{"line":100,"column":18}},"31":{"start":{"line":101,"column":6},"end":{"line":101,"column":66}},"32":{"start":{"line":102,"column":6},"end":{"line":102,"column":62}},"33":{"start":{"line":103,"column":6},"end":{"line":103,"column":60}},"34":{"start":{"line":106,"column":18},"end":{"line":112,"column":10}},"35":{"start":{"line":113,"column":6},"end":{"line":113,"column":23}},"36":{"start":{"line":116,"column":21},"end":{"line":123,"column":5}},"37":{"start":{"line":117,"column":19},"end":{"line":117,"column":21}},"38":{"start":{"line":118,"column":6},"end":{"line":121,"column":7}},"39":{"start":{"line":118,"column":19},"end":{"line":118,"column":20}},"40":{"start":{"line":119,"column":20},"end":{"line":119,"column":73}},"41":{"start":{"line":120,"column":8},"end":{"line":120,"column":30}},"42":{"start":{"line":122,"column":6},"end":{"line":122,"column":20}},"43":{"start":{"line":125,"column":4},"end":{"line":140,"column":5}},"44":{"start":{"line":126,"column":20},"end":{"line":129,"column":167}},"45":{"start":{"line":131,"column":6},"end":{"line":131,"column":28}},"46":{"start":{"line":133,"column":26},"end":{"line":133,"column":47}},"47":{"start":{"line":134,"column":18},"end":{"line":134,"column":45}},"48":{"start":{"line":135,"column":6},"end":{"line":135,"column":34}},"49":{"start":{"line":139,"column":6},"end":{"line":139,"column":52}},"50":{"start":{"line":144,"column":4},"end":{"line":174,"column":5}},"51":{"start":{"line":145,"column":21},"end":{"line":150,"column":7}},"52":{"start":{"line":152,"column":21},"end":{"line":152,"column":23}},"53":{"start":{"line":153,"column":6},"end":{"line":156,"column":7}},"54":{"start":{"line":153,"column":19},"end":{"line":153,"column":20}},"55":{"start":{"line":154,"column":20},"end":{"line":154,"column":69}},"56":{"start":{"line":155,"column":8},"end":{"line":155,"column":25}},"57":{"start":{"line":158,"column":23},"end":{"line":165,"column":7}},"58":{"start":{"line":159,"column":21},"end":{"line":159,"column":23}},"59":{"start":{"line":160,"column":8},"end":{"line":163,"column":9}},"60":{"start":{"line":160,"column":21},"end":{"line":160,"column":22}},"61":{"start":{"line":161,"column":22},"end":{"line":161,"column":75}},"62":{"start":{"line":162,"column":10},"end":{"line":162,"column":32}},"63":{"start":{"line":164,"column":8},"end":{"line":164,"column":22}},"64":{"start":{"line":167,"column":20},"end":{"line":169,"column":49}},"65":{"start":{"line":170,"column":6},"end":{"line":170,"column":28}},"66":{"start":{"line":171,"column":6},"end":{"line":171,"column":24}},"67":{"start":{"line":173,"column":6},"end":{"line":173,"column":52}},"68":{"start":{"line":178,"column":0},"end":{"line":178,"column":26}}},"fnMap":{"0":{"name":"main","decl":{"start":{"line":15,"column":15},"end":{"line":15,"column":19}},"loc":{"start":{"line":15,"column":27},"end":{"line":22,"column":1}},"line":15},"1":{"name":"(anonymous_1)","decl":{"start":{"line":25,"column":2},"end":{"line":25,"column":3}},"loc":{"start":{"line":25,"column":28},"end":{"line":38,"column":3}},"line":25},"2":{"name":"(anonymous_2)","decl":{"start":{"line":40,"column":2},"end":{"line":40,"column":3}},"loc":{"start":{"line":40,"column":50},"end":{"line":68,"column":3}},"line":40},"3":{"name":"(anonymous_3)","decl":{"start":{"line":70,"column":2},"end":{"line":70,"column":3}},"loc":{"start":{"line":70,"column":61},"end":{"line":94,"column":3}},"line":70},"4":{"name":"(anonymous_4)","decl":{"start":{"line":96,"column":2},"end":{"line":96,"column":3}},"loc":{"start":{"line":96,"column":46},"end":{"line":141,"column":3}},"line":96},"5":{"name":"(anonymous_5)","decl":{"start":{"line":116,"column":21},"end":{"line":116,"column":22}},"loc":{"start":{"line":116,"column":27},"end":{"line":123,"column":5}},"line":116},"6":{"name":"(anonymous_6)","decl":{"start":{"line":143,"column":2},"end":{"line":143,"column":3}},"loc":{"start":{"line":143,"column":49},"end":{"line":175,"column":3}},"line":143},"7":{"name":"(anonymous_7)","decl":{"start":{"line":158,"column":23},"end":{"line":158,"column":24}},"loc":{"start":{"line":158,"column":29},"end":{"line":165,"column":7}},"line":158}},"branchMap":{"0":{"loc":{"start":{"line":44,"column":6},"end":{"line":45,"column":70}},"type":"if","locations":[{"start":{"line":44,"column":6},"end":{"line":45,"column":70}},{"start":{},"end":{}}],"line":44},"1":{"loc":{"start":{"line":119,"column":20},"end":{"line":119,"column":73}},"type":"cond-expr","locations":[{"start":{"line":119,"column":46},"end":{"line":119,"column":55}},{"start":{"line":119,"column":58},"end":{"line":119,"column":73}}],"line":119},"2":{"loc":{"start":{"line":161,"column":22},"end":{"line":161,"column":75}},"type":"cond-expr","locations":[{"start":{"line":161,"column":48},"end":{"line":161,"column":57}},{"start":{"line":161,"column":60},"end":{"line":161,"column":75}}],"line":161}},"s":{"0":5,"1":5,"2":5,"3":5,"4":5,"5":5,"6":5,"7":12,"8":12,"9":3,"10":3,"11":2,"12":3,"13":3,"14":2,"15":0,"16":2,"17":2,"18":2,"19":2,"20":1,"21":2,"22":2,"23":2,"24":2,"25":2,"26":0,"27":8,"28":8,"29":8,"30":8,"31":16,"32":16,"33":16,"34":16,"35":16,"36":8,"37":8,"38":8,"39":8,"40":16,"41":16,"42":8,"43":8,"44":8,"45":8,"46":8,"47":8,"48":8,"49":0,"50":7,"51":7,"52":7,"53":7,"54":7,"55":14,"56":14,"57":7,"58":7,"59":7,"60":7,"61":14,"62":14,"63":7,"64":7,"65":7,"66":7,"67":0,"68":5},"f":{"0":12,"1":3,"2":3,"3":2,"4":8,"5":8,"6":7,"7":7},"b":{"0":[0,2],"1":[8,8],"2":[7,7]},"_coverageSchema":"1a1c01bbd47fc00a2c39e90264f33305004495a9","hash":"ac6c1ab6f2dec08cfc1fc60ff5484a6b4756ab56"}
,"/Users/samuelvaladez/Springboard/capstone-2-project/backend/models/users.js": {"path":"/Users/samuelvaladez/Springboard/capstone-2-project/backend/models/users.js","statementMap":{"0":{"start":{"line":1,"column":11},"end":{"line":1,"column":27}},"1":{"start":{"line":2,"column":43},"end":{"line":2,"column":69}},"2":{"start":{"line":6,"column":4},"end":{"line":15,"column":22}},"3":{"start":{"line":7,"column":18},"end":{"line":12,"column":7}},"4":{"start":{"line":13,"column":25},"end":{"line":13,"column":51}},"5":{"start":{"line":14,"column":6},"end":{"line":14,"column":24}},"6":{"start":{"line":20,"column":27},"end":{"line":25,"column":5}},"7":{"start":{"line":27,"column":4},"end":{"line":28,"column":71}},"8":{"start":{"line":28,"column":6},"end":{"line":28,"column":71}},"9":{"start":{"line":31,"column":6},"end":{"line":33,"column":76}},"10":{"start":{"line":34,"column":4},"end":{"line":44,"column":5}},"11":{"start":{"line":35,"column":21},"end":{"line":39,"column":7}},"12":{"start":{"line":41,"column":6},"end":{"line":41,"column":31}},"13":{"start":{"line":43,"column":6},"end":{"line":43,"column":52}},"14":{"start":{"line":48,"column":19},"end":{"line":53,"column":5}},"15":{"start":{"line":54,"column":17},"end":{"line":54,"column":31}},"16":{"start":{"line":55,"column":4},"end":{"line":55,"column":63}},"17":{"start":{"line":55,"column":15},"end":{"line":55,"column":63}},"18":{"start":{"line":56,"column":4},"end":{"line":56,"column":22}},"19":{"start":{"line":60,"column":0},"end":{"line":60,"column":26}}},"fnMap":{"0":{"name":"(anonymous_0)","decl":{"start":{"line":5,"column":2},"end":{"line":5,"column":3}},"loc":{"start":{"line":5,"column":36},"end":{"line":16,"column":3}},"line":5},"1":{"name":"(anonymous_1)","decl":{"start":{"line":18,"column":2},"end":{"line":18,"column":3}},"loc":{"start":{"line":18,"column":30},"end":{"line":45,"column":3}},"line":18},"2":{"name":"(anonymous_2)","decl":{"start":{"line":47,"column":2},"end":{"line":47,"column":3}},"loc":{"start":{"line":47,"column":29},"end":{"line":57,"column":3}},"line":47}},"branchMap":{"0":{"loc":{"start":{"line":13,"column":25},"end":{"line":13,"column":51}},"type":"cond-expr","locations":[{"start":{"line":13,"column":39},"end":{"line":13,"column":43}},{"start":{"line":13,"column":46},"end":{"line":13,"column":51}}],"line":13},"1":{"loc":{"start":{"line":27,"column":4},"end":{"line":28,"column":71}},"type":"if","locations":[{"start":{"line":27,"column":4},"end":{"line":28,"column":71}},{"start":{},"end":{}}],"line":27},"2":{"loc":{"start":{"line":31,"column":6},"end":{"line":33,"column":76}},"type":"cond-expr","locations":[{"start":{"line":32,"column":10},"end":{"line":32,"column":28}},{"start":{"line":33,"column":10},"end":{"line":33,"column":76}}],"line":31},"3":{"loc":{"start":{"line":55,"column":4},"end":{"line":55,"column":63}},"type":"if","locations":[{"start":{"line":55,"column":4},"end":{"line":55,"column":63}},{"start":{},"end":{}}],"line":55}},"s":{"0":5,"1":5,"2":4,"3":4,"4":4,"5":4,"6":7,"7":7,"8":1,"9":6,"10":6,"11":6,"12":6,"13":0,"14":4,"15":4,"16":4,"17":2,"18":2,"19":5},"f":{"0":4,"1":7,"2":4},"b":{"0":[2,2],"1":[1,6],"2":[6,0],"3":[2,2]},"_coverageSchema":"1a1c01bbd47fc00a2c39e90264f33305004495a9","hash":"de1bfc3a455e072f95cf9450704a6a3f9f1dfd97"}
,"/Users/samuelvaladez/Springboard/capstone-2-project/backend/routes/SpotifyRoutes.js": {"path":"/Users/samuelvaladez/Springboard/capstone-2-project/backend/routes/SpotifyRoutes.js","statementMap":{"0":{"start":{"line":1,"column":16},"end":{"line":1,"column":34}},"1":{"start":{"line":2,"column":15},"end":{"line":2,"column":35}},"2":{"start":{"line":3,"column":13},"end":{"line":3,"column":28}},"3":{"start":{"line":4,"column":19},"end":{"line":4,"column":43}},"4":{"start":{"line":5,"column":17},"end":{"line":5,"column":43}},"5":{"start":{"line":6,"column":17},"end":{"line":6,"column":43}},"6":{"start":{"line":7,"column":21},"end":{"line":7,"column":51}},"7":{"start":{"line":8,"column":28},"end":{"line":8,"column":54}},"8":{"start":{"line":10,"column":0},"end":{"line":10,"column":27}},"9":{"start":{"line":12,"column":19},"end":{"line":12,"column":35}},"10":{"start":{"line":13,"column":14},"end":{"line":13,"column":24}},"11":{"start":{"line":14,"column":14},"end":{"line":14,"column":24}},"12":{"start":{"line":15,"column":18},"end":{"line":15,"column":32}},"13":{"start":{"line":17,"column":0},"end":{"line":27,"column":3}},"14":{"start":{"line":18,"column":16},"end":{"line":18,"column":33}},"15":{"start":{"line":20,"column":2},"end":{"line":26,"column":3}},"16":{"start":{"line":21,"column":21},"end":{"line":21,"column":57}},"17":{"start":{"line":23,"column":4},"end":{"line":23,"column":34}},"18":{"start":{"line":25,"column":4},"end":{"line":25,"column":21}},"19":{"start":{"line":29,"column":0},"end":{"line":39,"column":3}},"20":{"start":{"line":30,"column":16},"end":{"line":30,"column":33}},"21":{"start":{"line":32,"column":2},"end":{"line":38,"column":3}},"22":{"start":{"line":33,"column":21},"end":{"line":33,"column":56}},"23":{"start":{"line":35,"column":4},"end":{"line":35,"column":34}},"24":{"start":{"line":37,"column":4},"end":{"line":37,"column":21}},"25":{"start":{"line":40,"column":0},"end":{"line":50,"column":3}},"26":{"start":{"line":41,"column":16},"end":{"line":41,"column":33}},"27":{"start":{"line":43,"column":2},"end":{"line":49,"column":3}},"28":{"start":{"line":44,"column":21},"end":{"line":44,"column":62}},"29":{"start":{"line":46,"column":4},"end":{"line":46,"column":34}},"30":{"start":{"line":48,"column":4},"end":{"line":48,"column":21}},"31":{"start":{"line":51,"column":0},"end":{"line":77,"column":3}},"32":{"start":{"line":52,"column":16},"end":{"line":52,"column":30}},"33":{"start":{"line":53,"column":19},"end":{"line":53,"column":36}},"34":{"start":{"line":55,"column":2},"end":{"line":76,"column":3}},"35":{"start":{"line":56,"column":21},"end":{"line":56,"column":62}},"36":{"start":{"line":58,"column":4},"end":{"line":58,"column":46}},"37":{"start":{"line":60,"column":28},"end":{"line":63,"column":5}},"38":{"start":{"line":65,"column":4},"end":{"line":65,"column":50}},"39":{"start":{"line":67,"column":30},"end":{"line":67,"column":66}},"40":{"start":{"line":69,"column":4},"end":{"line":69,"column":65}},"41":{"start":{"line":71,"column":4},"end":{"line":71,"column":66}},"42":{"start":{"line":73,"column":4},"end":{"line":73,"column":41}},"43":{"start":{"line":75,"column":4},"end":{"line":75,"column":21}},"44":{"start":{"line":78,"column":0},"end":{"line":89,"column":3}},"45":{"start":{"line":79,"column":16},"end":{"line":79,"column":30}},"46":{"start":{"line":81,"column":2},"end":{"line":88,"column":3}},"47":{"start":{"line":82,"column":21},"end":{"line":82,"column":56}},"48":{"start":{"line":83,"column":27},"end":{"line":83,"column":64}},"49":{"start":{"line":85,"column":4},"end":{"line":85,"column":40}},"50":{"start":{"line":87,"column":4},"end":{"line":87,"column":21}},"51":{"start":{"line":90,"column":0},"end":{"line":102,"column":3}},"52":{"start":{"line":91,"column":16},"end":{"line":91,"column":30}},"53":{"start":{"line":92,"column":19},"end":{"line":92,"column":36}},"54":{"start":{"line":94,"column":2},"end":{"line":101,"column":3}},"55":{"start":{"line":95,"column":21},"end":{"line":95,"column":57}},"56":{"start":{"line":96,"column":27},"end":{"line":96,"column":78}},"57":{"start":{"line":97,"column":4},"end":{"line":97,"column":52}},"58":{"start":{"line":98,"column":4},"end":{"line":98,"column":40}},"59":{"start":{"line":100,"column":4},"end":{"line":100,"column":21}},"60":{"start":{"line":104,"column":0},"end":{"line":121,"column":3}},"61":{"start":{"line":105,"column":16},"end":{"line":105,"column":30}},"62":{"start":{"line":106,"column":13},"end":{"line":106,"column":24}},"63":{"start":{"line":107,"column":19},"end":{"line":107,"column":36}},"64":{"start":{"line":108,"column":2},"end":{"line":120,"column":3}},"65":{"start":{"line":109,"column":21},"end":{"line":109,"column":66}},"66":{"start":{"line":110,"column":4},"end":{"line":110,"column":46}},"67":{"start":{"line":111,"column":28},"end":{"line":114,"column":5}},"68":{"start":{"line":115,"column":4},"end":{"line":115,"column":66}},"69":{"start":{"line":116,"column":4},"end":{"line":116,"column":44}},"70":{"start":{"line":117,"column":4},"end":{"line":117,"column":37}},"71":{"start":{"line":119,"column":4},"end":{"line":119,"column":21}},"72":{"start":{"line":123,"column":0},"end":{"line":143,"column":3}},"73":{"start":{"line":124,"column":15},"end":{"line":124,"column":28}},"74":{"start":{"line":125,"column":22},"end":{"line":125,"column":42}},"75":{"start":{"line":126,"column":19},"end":{"line":126,"column":36}},"76":{"start":{"line":127,"column":16},"end":{"line":127,"column":30}},"77":{"start":{"line":128,"column":16},"end":{"line":128,"column":30}},"78":{"start":{"line":130,"column":2},"end":{"line":142,"column":3}},"79":{"start":{"line":131,"column":24},"end":{"line":136,"column":5}},"80":{"start":{"line":137,"column":4},"end":{"line":137,"column":67}},"81":{"start":{"line":139,"column":4},"end":{"line":139,"column":43}},"82":{"start":{"line":141,"column":4},"end":{"line":141,"column":21}},"83":{"start":{"line":145,"column":0},"end":{"line":145,"column":24}}},"fnMap":{"0":{"name":"(anonymous_0)","decl":{"start":{"line":17,"column":25},"end":{"line":17,"column":26}},"loc":{"start":{"line":17,"column":57},"end":{"line":27,"column":1}},"line":17},"1":{"name":"(anonymous_1)","decl":{"start":{"line":29,"column":25},"end":{"line":29,"column":26}},"loc":{"start":{"line":29,"column":57},"end":{"line":39,"column":1}},"line":29},"2":{"name":"(anonymous_2)","decl":{"start":{"line":40,"column":27},"end":{"line":40,"column":28}},"loc":{"start":{"line":40,"column":59},"end":{"line":50,"column":1}},"line":40},"3":{"name":"(anonymous_3)","decl":{"start":{"line":51,"column":25},"end":{"line":51,"column":26}},"loc":{"start":{"line":51,"column":57},"end":{"line":77,"column":1}},"line":51},"4":{"name":"(anonymous_4)","decl":{"start":{"line":78,"column":27},"end":{"line":78,"column":28}},"loc":{"start":{"line":78,"column":59},"end":{"line":89,"column":1}},"line":78},"5":{"name":"(anonymous_5)","decl":{"start":{"line":90,"column":32},"end":{"line":90,"column":33}},"loc":{"start":{"line":90,"column":64},"end":{"line":102,"column":1}},"line":90},"6":{"name":"(anonymous_6)","decl":{"start":{"line":104,"column":29},"end":{"line":104,"column":30}},"loc":{"start":{"line":104,"column":61},"end":{"line":121,"column":1}},"line":104},"7":{"name":"(anonymous_7)","decl":{"start":{"line":123,"column":32},"end":{"line":123,"column":33}},"loc":{"start":{"line":123,"column":64},"end":{"line":143,"column":1}},"line":123}},"branchMap":{},"s":{"0":2,"1":2,"2":2,"3":2,"4":2,"5":2,"6":2,"7":2,"8":2,"9":2,"10":2,"11":2,"12":2,"13":2,"14":0,"15":0,"16":0,"17":0,"18":0,"19":2,"20":0,"21":0,"22":0,"23":0,"24":0,"25":2,"26":0,"27":0,"28":0,"29":0,"30":0,"31":2,"32":0,"33":0,"34":0,"35":0,"36":0,"37":0,"38":0,"39":0,"40":0,"41":0,"42":0,"43":0,"44":2,"45":0,"46":0,"47":0,"48":0,"49":0,"50":0,"51":2,"52":0,"53":0,"54":0,"55":0,"56":0,"57":0,"58":0,"59":0,"60":2,"61":0,"62":0,"63":0,"64":0,"65":0,"66":0,"67":0,"68":0,"69":0,"70":0,"71":0,"72":2,"73":0,"74":0,"75":0,"76":0,"77":0,"78":0,"79":0,"80":0,"81":0,"82":0,"83":2},"f":{"0":0,"1":0,"2":0,"3":0,"4":0,"5":0,"6":0,"7":0},"b":{},"_coverageSchema":"1a1c01bbd47fc00a2c39e90264f33305004495a9","hash":"29aa4e3b3660499b8fb18a79282c557951d5db17"}
,"/Users/samuelvaladez/Springboard/capstone-2-project/backend/routes/_testCommon.js": {"path":"/Users/samuelvaladez/Springboard/capstone-2-project/backend/routes/_testCommon.js","statementMap":{"0":{"start":{"line":1,"column":17},"end":{"line":1,"column":43}},"1":{"start":{"line":2,"column":17},"end":{"line":2,"column":43}},"2":{"start":{"line":3,"column":21},"end":{"line":3,"column":51}},"3":{"start":{"line":4,"column":11},"end":{"line":4,"column":27}},"4":{"start":{"line":6,"column":14},"end":{"line":6,"column":24}},"5":{"start":{"line":7,"column":14},"end":{"line":7,"column":24}},"6":{"start":{"line":8,"column":18},"end":{"line":8,"column":32}},"7":{"start":{"line":11,"column":2},"end":{"line":11,"column":51}},"8":{"start":{"line":12,"column":2},"end":{"line":12,"column":47}},"9":{"start":{"line":13,"column":2},"end":{"line":13,"column":42}},"10":{"start":{"line":14,"column":2},"end":{"line":14,"column":38}},"11":{"start":{"line":15,"column":2},"end":{"line":15,"column":38}},"12":{"start":{"line":17,"column":2},"end":{"line":20,"column":5}},"13":{"start":{"line":22,"column":2},"end":{"line":67,"column":5}},"14":{"start":{"line":69,"column":2},"end":{"line":93,"column":4}},"15":{"start":{"line":95,"column":2},"end":{"line":101,"column":4}},"16":{"start":{"line":103,"column":2},"end":{"line":127,"column":4}},"17":{"start":{"line":131,"column":2},"end":{"line":131,"column":26}},"18":{"start":{"line":135,"column":2},"end":{"line":135,"column":29}},"19":{"start":{"line":139,"column":2},"end":{"line":139,"column":17}},"20":{"start":{"line":142,"column":0},"end":{"line":147,"column":2}}},"fnMap":{"0":{"name":"commonBeforeAll","decl":{"start":{"line":10,"column":15},"end":{"line":10,"column":30}},"loc":{"start":{"line":10,"column":33},"end":{"line":128,"column":1}},"line":10},"1":{"name":"commonBeforeEach","decl":{"start":{"line":130,"column":15},"end":{"line":130,"column":31}},"loc":{"start":{"line":130,"column":34},"end":{"line":132,"column":1}},"line":130},"2":{"name":"commonAfterEach","decl":{"start":{"line":134,"column":15},"end":{"line":134,"column":30}},"loc":{"start":{"line":134,"column":33},"end":{"line":136,"column":1}},"line":134},"3":{"name":"commonAfterAll","decl":{"start":{"line":138,"column":15},"end":{"line":138,"column":29}},"loc":{"start":{"line":138,"column":32},"end":{"line":140,"column":1}},"line":138}},"branchMap":{},"s":{"0":1,"1":1,"2":1,"3":1,"4":1,"5":1,"6":1,"7":1,"8":1,"9":1,"10":1,"11":1,"12":1,"13":1,"14":1,"15":1,"16":1,"17":10,"18":10,"19":1,"20":1},"f":{"0":1,"1":10,"2":10,"3":1},"b":{},"_coverageSchema":"1a1c01bbd47fc00a2c39e90264f33305004495a9","hash":"916af139a71dc1af54828b4e1675fb2f4913965a"}
,"/Users/samuelvaladez/Springboard/capstone-2-project/backend/routes/musicRoutes.js": {"path":"/Users/samuelvaladez/Springboard/capstone-2-project/backend/routes/musicRoutes.js","statementMap":{"0":{"start":{"line":1,"column":17},"end":{"line":1,"column":43}},"1":{"start":{"line":2,"column":17},"end":{"line":2,"column":43}},"2":{"start":{"line":3,"column":21},"end":{"line":3,"column":51}},"3":{"start":{"line":4,"column":16},"end":{"line":4,"column":34}},"4":{"start":{"line":5,"column":15},"end":{"line":5,"column":35}},"5":{"start":{"line":6,"column":43},"end":{"line":6,"column":69}},"6":{"start":{"line":8,"column":14},"end":{"line":8,"column":24}},"7":{"start":{"line":9,"column":14},"end":{"line":9,"column":24}},"8":{"start":{"line":10,"column":18},"end":{"line":10,"column":32}},"9":{"start":{"line":19,"column":0},"end":{"line":44,"column":3}},"10":{"start":{"line":20,"column":2},"end":{"line":43,"column":3}},"11":{"start":{"line":21,"column":53},"end":{"line":21,"column":61}},"12":{"start":{"line":23,"column":4},"end":{"line":40,"column":5}},"13":{"start":{"line":24,"column":23},"end":{"line":24,"column":77}},"14":{"start":{"line":25,"column":6},"end":{"line":25,"column":80}},"15":{"start":{"line":25,"column":21},"end":{"line":25,"column":80}},"16":{"start":{"line":26,"column":6},"end":{"line":26,"column":36}},"17":{"start":{"line":28,"column":29},"end":{"line":28,"column":69}},"18":{"start":{"line":30,"column":6},"end":{"line":31,"column":71}},"19":{"start":{"line":31,"column":8},"end":{"line":31,"column":71}},"20":{"start":{"line":33,"column":23},"end":{"line":37,"column":7}},"21":{"start":{"line":39,"column":6},"end":{"line":39,"column":36}},"22":{"start":{"line":42,"column":4},"end":{"line":42,"column":21}},"23":{"start":{"line":46,"column":0},"end":{"line":60,"column":3}},"24":{"start":{"line":47,"column":2},"end":{"line":59,"column":3}},"25":{"start":{"line":48,"column":21},"end":{"line":48,"column":40}},"26":{"start":{"line":50,"column":23},"end":{"line":50,"column":62}},"27":{"start":{"line":52,"column":4},"end":{"line":52,"column":80}},"28":{"start":{"line":52,"column":21},"end":{"line":52,"column":80}},"29":{"start":{"line":54,"column":21},"end":{"line":54,"column":63}},"30":{"start":{"line":55,"column":4},"end":{"line":55,"column":64}},"31":{"start":{"line":56,"column":4},"end":{"line":56,"column":34}},"32":{"start":{"line":58,"column":4},"end":{"line":58,"column":21}},"33":{"start":{"line":61,"column":0},"end":{"line":69,"column":3}},"34":{"start":{"line":62,"column":2},"end":{"line":68,"column":3}},"35":{"start":{"line":63,"column":21},"end":{"line":63,"column":40}},"36":{"start":{"line":64,"column":21},"end":{"line":64,"column":60}},"37":{"start":{"line":65,"column":4},"end":{"line":65,"column":46}},"38":{"start":{"line":67,"column":4},"end":{"line":67,"column":21}},"39":{"start":{"line":83,"column":0},"end":{"line":91,"column":3}},"40":{"start":{"line":84,"column":2},"end":{"line":90,"column":3}},"41":{"start":{"line":85,"column":21},"end":{"line":85,"column":40}},"42":{"start":{"line":86,"column":4},"end":{"line":86,"column":37}},"43":{"start":{"line":87,"column":4},"end":{"line":87,"column":49}},"44":{"start":{"line":89,"column":4},"end":{"line":89,"column":21}},"45":{"start":{"line":93,"column":0},"end":{"line":93,"column":24}}},"fnMap":{"0":{"name":"(anonymous_0)","decl":{"start":{"line":19,"column":23},"end":{"line":19,"column":24}},"loc":{"start":{"line":19,"column":55},"end":{"line":44,"column":1}},"line":19},"1":{"name":"(anonymous_1)","decl":{"start":{"line":46,"column":35},"end":{"line":46,"column":36}},"loc":{"start":{"line":46,"column":67},"end":{"line":60,"column":1}},"line":46},"2":{"name":"(anonymous_2)","decl":{"start":{"line":61,"column":41},"end":{"line":61,"column":42}},"loc":{"start":{"line":61,"column":73},"end":{"line":69,"column":1}},"line":61},"3":{"name":"(anonymous_3)","decl":{"start":{"line":83,"column":40},"end":{"line":83,"column":41}},"loc":{"start":{"line":83,"column":72},"end":{"line":91,"column":1}},"line":83}},"branchMap":{"0":{"loc":{"start":{"line":23,"column":4},"end":{"line":40,"column":5}},"type":"if","locations":[{"start":{"line":23,"column":4},"end":{"line":40,"column":5}},{"start":{"line":27,"column":11},"end":{"line":40,"column":5}}],"line":23},"1":{"loc":{"start":{"line":25,"column":6},"end":{"line":25,"column":80}},"type":"if","locations":[{"start":{"line":25,"column":6},"end":{"line":25,"column":80}},{"start":{},"end":{}}],"line":25},"2":{"loc":{"start":{"line":30,"column":6},"end":{"line":31,"column":71}},"type":"if","locations":[{"start":{"line":30,"column":6},"end":{"line":31,"column":71}},{"start":{},"end":{}}],"line":30},"3":{"loc":{"start":{"line":52,"column":4},"end":{"line":52,"column":80}},"type":"if","locations":[{"start":{"line":52,"column":4},"end":{"line":52,"column":80}},{"start":{},"end":{}}],"line":52}},"s":{"0":2,"1":2,"2":2,"3":2,"4":2,"5":2,"6":2,"7":2,"8":2,"9":2,"10":4,"11":4,"12":4,"13":2,"14":2,"15":1,"16":1,"17":2,"18":2,"19":1,"20":1,"21":1,"22":0,"23":2,"24":2,"25":2,"26":2,"27":2,"28":1,"29":1,"30":1,"31":1,"32":0,"33":2,"34":2,"35":2,"36":2,"37":2,"38":0,"39":2,"40":2,"41":2,"42":2,"43":1,"44":1,"45":2},"f":{"0":4,"1":2,"2":2,"3":2},"b":{"0":[2,2],"1":[1,1],"2":[1,1],"3":[1,1]},"_coverageSchema":"1a1c01bbd47fc00a2c39e90264f33305004495a9","hash":"d210f69cf641d765e88d3964e2f280e562727046"}
}
