TN:
SF:app.js
FN:25,(anonymous_0)
FN:30,(anonymous_1)
FNF:2
FNH:2
FNDA:2,(anonymous_0)
FNDA:3,(anonymous_1)
DA:5,2
DA:6,2
DA:8,2
DA:10,2
DA:11,2
DA:13,2
DA:15,2
DA:16,2
DA:18,2
DA:19,2
DA:25,2
DA:26,2
DA:30,2
DA:31,3
DA:32,3
DA:33,3
DA:35,3
DA:40,2
LF:18
LH:18
BRDA:31,0,0,1
BRDA:31,0,1,2
BRDA:32,1,0,3
BRDA:32,1,1,0
BRF:4
BRH:3
end_of_record
TN:
SF:config.js
FN:13,getDatabaseUri
FNF:1
FNH:1
FNDA:8,getDatabaseUri
DA:8,6
DA:10,6
DA:14,8
DA:22,6
DA:31,6
LF:5
LH:5
BRDA:8,0,0,6
BRDA:8,0,1,5
BRDA:10,1,0,6
BRDA:10,1,1,5
BRDA:14,2,0,6
BRDA:14,2,1,2
BRDA:16,3,0,2
BRDA:16,3,1,1
BRDA:22,4,0,5
BRDA:22,4,1,1
BRF:10
BRH:10
end_of_record
TN:
SF:createPrompt.js
FN:1,createPrompt
FNF:1
FNH:0
FNDA:0,createPrompt
DA:2,0
DA:3,0
DA:4,0
DA:5,0
DA:6,0
DA:7,0
DA:8,0
DA:9,0
DA:10,0
DA:12,0
DA:13,0
DA:14,0
DA:15,0
DA:16,0
DA:17,0
DA:18,0
DA:19,0
DA:21,0
DA:22,0
DA:23,0
DA:24,0
DA:25,0
DA:27,0
DA:28,0
DA:29,0
DA:30,0
DA:31,0
DA:32,0
DA:33,0
DA:35,0
DA:49,0
DA:51,0
DA:52,0
DA:54,0
DA:55,0
DA:56,0
DA:57,0
DA:58,0
DA:60,0
DA:61,0
DA:62,0
DA:63,0
DA:64,0
DA:65,0
DA:66,0
DA:67,0
DA:69,0
DA:70,0
DA:71,0
DA:72,0
DA:73,0
DA:83,0
DA:178,2
LF:53
LH:1
BRDA:3,0,0,0
BRDA:3,0,1,0
BRDA:4,1,0,0
BRDA:4,1,1,0
BRDA:6,2,0,0
BRDA:6,2,1,0
BRDA:8,3,0,0
BRDA:8,3,1,0
BRDA:12,4,0,0
BRDA:12,4,1,0
BRDA:13,5,0,0
BRDA:13,5,1,0
BRDA:15,6,0,0
BRDA:15,6,1,0
BRDA:17,7,0,0
BRDA:17,7,1,0
BRDA:21,8,0,0
BRDA:21,8,1,0
BRDA:22,9,0,0
BRDA:22,9,1,0
BRDA:23,10,0,0
BRDA:23,10,1,0
BRDA:24,11,0,0
BRDA:24,11,1,0
BRDA:27,12,0,0
BRDA:27,12,1,0
BRDA:29,13,0,0
BRDA:29,13,1,0
BRDA:31,14,0,0
BRDA:31,14,1,0
BRDA:51,15,0,0
BRDA:51,15,1,0
BRDA:54,16,0,0
BRDA:54,16,1,0
BRDA:55,17,0,0
BRDA:55,17,1,0
BRDA:56,18,0,0
BRDA:56,18,1,0
BRDA:57,19,0,0
BRDA:57,19,1,0
BRDA:60,20,0,0
BRDA:60,20,1,0
BRDA:61,21,0,0
BRDA:61,21,1,0
BRDA:62,22,0,0
BRDA:62,22,1,0
BRDA:63,23,0,0
BRDA:63,23,1,0
BRDA:64,24,0,0
BRDA:64,24,1,0
BRDA:65,25,0,0
BRDA:65,25,1,0
BRDA:66,26,0,0
BRDA:66,26,1,0
BRDA:69,27,0,0
BRDA:69,27,1,0
BRDA:70,28,0,0
BRDA:70,28,1,0
BRDA:71,29,0,0
BRDA:71,29,1,0
BRDA:72,30,0,0
BRDA:72,30,1,0
BRF:62
BRH:0
end_of_record
TN:
SF:db.js
FNF:0
FNH:0
DA:3,5
DA:4,5
DA:8,5
DA:9,0
DA:16,5
DA:21,5
DA:23,5
LF:7
LH:6
BRDA:8,0,0,0
BRDA:8,0,1,5
BRF:2
BRH:1
end_of_record
TN:
SF:expressError.js
FN:8,(anonymous_0)
FN:18,(anonymous_1)
FN:26,(anonymous_2)
FN:34,(anonymous_3)
FN:42,(anonymous_4)
FNF:5
FNH:3
FNDA:5,(anonymous_0)
FNDA:4,(anonymous_1)
FNDA:0,(anonymous_2)
FNDA:1,(anonymous_3)
FNDA:0,(anonymous_4)
DA:9,5
DA:10,5
DA:11,5
DA:19,4
DA:27,0
DA:35,1
DA:43,0
DA:47,5
LF:8
LH:6
BRDA:18,0,0,2
BRDA:26,1,0,0
BRDA:34,2,0,0
BRDA:42,3,0,0
BRF:4
BRH:1
end_of_record
TN:
SF:spotifyApi.js
FN:5,(anonymous_0)
FN:29,(anonymous_1)
FN:49,(anonymous_2)
FN:122,(anonymous_3)
FN:148,(anonymous_4)
FN:172,(anonymous_5)
FN:185,(anonymous_6)
FN:198,(anonymous_7)
FN:215,(anonymous_8)
FN:242,(anonymous_9)
FN:244,(anonymous_10)
FNF:11
FNH:0
FNDA:0,(anonymous_0)
FNDA:0,(anonymous_1)
FNDA:0,(anonymous_2)
FNDA:0,(anonymous_3)
FNDA:0,(anonymous_4)
FNDA:0,(anonymous_5)
FNDA:0,(anonymous_6)
FNDA:0,(anonymous_7)
FNDA:0,(anonymous_8)
FNDA:0,(anonymous_9)
FNDA:0,(anonymous_10)
DA:1,2
DA:2,2
DA:6,0
DA:7,0
DA:8,0
DA:9,0
DA:10,0
DA:11,0
DA:21,0
DA:22,0
DA:23,0
DA:25,0
DA:26,0
DA:27,0
DA:30,0
DA:36,0
DA:50,0
DA:51,0
DA:52,0
DA:54,0
DA:57,0
DA:58,0
DA:69,0
DA:70,0
DA:71,0
DA:75,0
DA:76,0
DA:77,0
DA:78,0
DA:79,0
DA:81,0
DA:88,0
DA:89,0
DA:90,0
DA:91,0
DA:92,0
DA:94,0
DA:95,0
DA:107,0
DA:111,0
DA:112,0
DA:123,0
DA:124,0
DA:125,0
DA:126,0
DA:127,0
DA:135,0
DA:137,0
DA:140,0
DA:149,0
DA:150,0
DA:151,0
DA:152,0
DA:161,0
DA:164,0
DA:173,0
DA:174,0
DA:175,0
DA:178,0
DA:186,0
DA:187,0
DA:189,0
DA:199,0
DA:200,0
DA:201,0
DA:202,0
DA:203,0
DA:204,0
DA:205,0
DA:207,0
DA:208,0
DA:209,0
DA:210,0
DA:212,0
DA:218,0
DA:219,0
DA:236,0
DA:238,0
DA:244,0
DA:246,0
DA:247,0
DA:261,0
DA:263,0
DA:268,2
LF:84
LH:3
BRDA:54,0,0,0
BRDA:54,0,1,0
BRDA:77,1,0,0
BRDA:77,1,1,0
BRDA:122,2,0,0
BRF:5
BRH:0
end_of_record
TN:
SF:models/_testCommon.js
FN:10,commonBeforeAll
FN:130,commonBeforeEach
FN:134,commonAfterEach
FN:138,commonAfterAll
FNF:4
FNH:4
FNDA:3,commonBeforeAll
FNDA:17,commonBeforeEach
FNDA:17,commonAfterEach
FNDA:3,commonAfterAll
DA:1,3
DA:2,3
DA:3,3
DA:4,3
DA:6,3
DA:7,3
DA:8,3
DA:11,3
DA:12,3
DA:13,3
DA:14,3
DA:15,3
DA:17,3
DA:22,3
DA:69,3
DA:95,3
DA:103,3
DA:131,17
DA:135,17
DA:139,3
DA:142,3
LF:21
LH:21
BRF:0
BRH:0
end_of_record
TN:
SF:models/playlists.js
FN:4,(anonymous_0)
FN:11,(anonymous_1)
FN:33,(anonymous_2)
FN:48,(anonymous_3)
FN:68,(anonymous_4)
FN:88,(anonymous_5)
FN:106,(anonymous_6)
FN:124,(anonymous_7)
FNF:8
FNH:8
FNDA:2,(anonymous_0)
FNDA:2,(anonymous_1)
FNDA:7,(anonymous_2)
FNDA:14,(anonymous_3)
FNDA:3,(anonymous_4)
FNDA:5,(anonymous_5)
FNDA:5,(anonymous_6)
FNDA:1,(anonymous_7)
DA:1,5
DA:5,2
DA:8,2
DA:12,2
DA:13,2
DA:14,2
DA:21,2
DA:23,2
DA:27,2
DA:28,2
DA:30,0
DA:34,7
DA:35,7
DA:41,7
DA:42,7
DA:43,7
DA:44,14
DA:45,14
DA:48,7
DA:49,14
DA:50,14
DA:51,28
DA:52,28
DA:54,14
DA:56,7
DA:57,7
DA:61,7
DA:62,7
DA:64,0
DA:69,3
DA:70,3
DA:76,3
DA:84,0
DA:89,5
DA:90,5
DA:96,5
DA:97,5
DA:98,5
DA:99,10
DA:102,10
DA:104,5
DA:106,5
DA:107,5
DA:108,5
DA:109,10
DA:110,10
DA:112,5
DA:114,5
DA:117,5
DA:118,5
DA:120,0
DA:125,1
DA:126,1
DA:130,1
DA:131,1
DA:133,0
DA:138,5
LF:57
LH:52
BRDA:51,0,0,14
BRDA:51,0,1,14
BRDA:100,1,0,0
BRDA:100,1,1,10
BRDA:109,2,0,5
BRDA:109,2,1,5
BRF:6
BRH:5
end_of_record
TN:
SF:models/songs.js
FN:15,main
FN:25,(anonymous_1)
FN:40,(anonymous_2)
FN:70,(anonymous_3)
FN:96,(anonymous_4)
FN:116,(anonymous_5)
FN:143,(anonymous_6)
FN:158,(anonymous_7)
FNF:8
FNH:8
FNDA:12,main
FNDA:3,(anonymous_1)
FNDA:3,(anonymous_2)
FNDA:2,(anonymous_3)
FNDA:8,(anonymous_4)
FNDA:8,(anonymous_5)
FNDA:7,(anonymous_6)
FNDA:7,(anonymous_7)
DA:1,5
DA:2,5
DA:3,5
DA:5,5
DA:7,5
DA:9,5
DA:11,5
DA:16,12
DA:21,12
DA:26,3
DA:34,3
DA:37,2
DA:41,3
DA:42,3
DA:44,2
DA:45,0
DA:47,2
DA:50,2
DA:52,2
DA:64,2
DA:66,1
DA:71,2
DA:73,2
DA:76,2
DA:78,2
DA:90,2
DA:92,0
DA:97,8
DA:98,8
DA:100,8
DA:101,16
DA:102,16
DA:103,16
DA:106,16
DA:113,16
DA:116,8
DA:117,8
DA:118,8
DA:119,16
DA:120,16
DA:122,8
DA:125,8
DA:126,8
DA:131,8
DA:133,8
DA:134,8
DA:135,8
DA:139,0
DA:144,7
DA:145,7
DA:152,7
DA:153,7
DA:154,14
DA:155,14
DA:158,7
DA:159,7
DA:160,7
DA:161,14
DA:162,14
DA:164,7
DA:167,7
DA:170,7
DA:171,7
DA:173,0
DA:178,5
LF:65
LH:61
BRDA:44,0,0,0
BRDA:44,0,1,2
BRDA:119,1,0,8
BRDA:119,1,1,8
BRDA:161,2,0,7
BRDA:161,2,1,7
BRF:6
BRH:5
end_of_record
TN:
SF:models/users.js
FN:5,(anonymous_0)
FN:18,(anonymous_1)
FN:47,(anonymous_2)
FNF:3
FNH:3
FNDA:4,(anonymous_0)
FNDA:7,(anonymous_1)
FNDA:4,(anonymous_2)
DA:1,5
DA:2,5
DA:6,4
DA:7,4
DA:13,4
DA:14,4
DA:20,7
DA:27,7
DA:28,1
DA:31,6
DA:34,6
DA:35,6
DA:41,6
DA:43,0
DA:48,4
DA:54,4
DA:55,4
DA:56,2
DA:60,5
LF:19
LH:18
BRDA:13,0,0,2
BRDA:13,0,1,2
BRDA:27,1,0,1
BRDA:27,1,1,6
BRDA:31,2,0,6
BRDA:31,2,1,0
BRDA:55,3,0,2
BRDA:55,3,1,2
BRF:8
BRH:7
end_of_record
TN:
SF:routes/SpotifyRoutes.js
FN:17,(anonymous_0)
FN:29,(anonymous_1)
FN:40,(anonymous_2)
FN:51,(anonymous_3)
FN:78,(anonymous_4)
FN:90,(anonymous_5)
FN:104,(anonymous_6)
FN:123,(anonymous_7)
FNF:8
FNH:0
FNDA:0,(anonymous_0)
FNDA:0,(anonymous_1)
FNDA:0,(anonymous_2)
FNDA:0,(anonymous_3)
FNDA:0,(anonymous_4)
FNDA:0,(anonymous_5)
FNDA:0,(anonymous_6)
FNDA:0,(anonymous_7)
DA:1,2
DA:2,2
DA:3,2
DA:4,2
DA:5,2
DA:6,2
DA:7,2
DA:8,2
DA:10,2
DA:12,2
DA:13,2
DA:14,2
DA:15,2
DA:17,2
DA:18,0
DA:20,0
DA:21,0
DA:23,0
DA:25,0
DA:29,2
DA:30,0
DA:32,0
DA:33,0
DA:35,0
DA:37,0
DA:40,2
DA:41,0
DA:43,0
DA:44,0
DA:46,0
DA:48,0
DA:51,2
DA:52,0
DA:53,0
DA:55,0
DA:56,0
DA:58,0
DA:60,0
DA:65,0
DA:67,0
DA:69,0
DA:71,0
DA:73,0
DA:75,0
DA:78,2
DA:79,0
DA:81,0
DA:82,0
DA:83,0
DA:85,0
DA:87,0
DA:90,2
DA:91,0
DA:92,0
DA:94,0
DA:95,0
DA:96,0
DA:97,0
DA:98,0
DA:100,0
DA:104,2
DA:105,0
DA:106,0
DA:107,0
DA:108,0
DA:109,0
DA:110,0
DA:111,0
DA:115,0
DA:116,0
DA:117,0
DA:119,0
DA:123,2
DA:124,0
DA:125,0
DA:126,0
DA:127,0
DA:128,0
DA:130,0
DA:131,0
DA:137,0
DA:139,0
DA:141,0
DA:145,2
LF:84
LH:22
BRF:0
BRH:0
end_of_record
TN:
SF:routes/_testCommon.js
FN:10,commonBeforeAll
FN:130,commonBeforeEach
FN:134,commonAfterEach
FN:138,commonAfterAll
FNF:4
FNH:4
FNDA:1,commonBeforeAll
FNDA:10,commonBeforeEach
FNDA:10,commonAfterEach
FNDA:1,commonAfterAll
DA:1,1
DA:2,1
DA:3,1
DA:4,1
DA:6,1
DA:7,1
DA:8,1
DA:11,1
DA:12,1
DA:13,1
DA:14,1
DA:15,1
DA:17,1
DA:22,1
DA:69,1
DA:95,1
DA:103,1
DA:131,10
DA:135,10
DA:139,1
DA:142,1
LF:21
LH:21
BRF:0
BRH:0
end_of_record
TN:
SF:routes/musicRoutes.js
FN:19,(anonymous_0)
FN:46,(anonymous_1)
FN:61,(anonymous_2)
FN:83,(anonymous_3)
FNF:4
FNH:4
FNDA:4,(anonymous_0)
FNDA:2,(anonymous_1)
FNDA:2,(anonymous_2)
FNDA:2,(anonymous_3)
DA:1,2
DA:2,2
DA:3,2
DA:4,2
DA:5,2
DA:6,2
DA:8,2
DA:9,2
DA:10,2
DA:19,2
DA:20,4
DA:21,4
DA:23,4
DA:24,2
DA:25,2
DA:26,1
DA:28,2
DA:30,2
DA:31,1
DA:33,1
DA:39,1
DA:42,0
DA:46,2
DA:47,2
DA:48,2
DA:50,2
DA:52,2
DA:54,1
DA:55,1
DA:56,1
DA:58,0
DA:61,2
DA:62,2
DA:63,2
DA:64,2
DA:65,2
DA:67,0
DA:83,2
DA:84,2
DA:85,2
DA:86,2
DA:87,1
DA:89,1
DA:93,2
LF:44
LH:41
BRDA:23,0,0,2
BRDA:23,0,1,2
BRDA:25,1,0,1
BRDA:25,1,1,1
BRDA:30,2,0,1
BRDA:30,2,1,1
BRDA:52,3,0,1
BRDA:52,3,1,1
BRF:8
BRH:8
end_of_record
